This is pdfTeX, Version 3.14159265-2.6-1.40.20 (TeX Live 2019/Debian) (preloaded format=pdflatex 2023.4.25)  29 SEP 2023 13:06
entering extended mode
 restricted \write18 enabled.
 file:line:error style messages enabled.
 %&-line parsing enabled.
**/home/eric/thesis/Thesis.tex
(/home/eric/thesis/Thesis.tex
LaTeX2e <2020-02-02> patch level 2
L3 programming layer <2020-02-14> (/home/eric/thesis/Thesis.cls
Document Class: Thesis 2007/22/02 v1.0 LaTeX document class
(/usr/share/texlive/texmf-dist/tex/latex/base/book.cls
Document Class: book 2019/12/20 v1.4l Standard LaTeX document class
(/usr/share/texlive/texmf-dist/tex/latex/base/bk11.clo
File: bk11.clo 2019/12/20 v1.4l Standard LaTeX file (size option)
)
\c@part=\count167
\c@chapter=\count168
\c@section=\count169
\c@subsection=\count170
\c@subsubsection=\count171
\c@paragraph=\count172
\c@subparagraph=\count173
\c@figure=\count174
\c@table=\count175
\abovecaptionskip=\skip47
\belowcaptionskip=\skip48
\bibindent=\dimen134
) (/usr/share/texlive/texmf-dist/tex/latex/setspace/setspace.sty
Package: setspace 2011/12/19 v6.7a set line spacing
) (/usr/share/texlive/texmf-dist/tex/latex/vmargin/vmargin.sty
Package: vmargin 2004/07/15 V2.5 set document margins (VK)

Package: vmargin 2004/07/15 V2.5 set document margins (VK)
\PaperWidth=\dimen135
\PaperHeight=\dimen136
) (/usr/share/texlive/texmf-dist/tex/latex/fancyhdr/fancyhdr.sty
Package: fancyhdr 2019/01/31 v3.10 Extensive control of page headers and footers
\f@nch@headwidth=\skip49
\f@nch@O@elh=\skip50
\f@nch@O@erh=\skip51
\f@nch@O@olh=\skip52
\f@nch@O@orh=\skip53
\f@nch@O@elf=\skip54
\f@nch@O@erf=\skip55
\f@nch@O@olf=\skip56
\f@nch@O@orf=\skip57
) (/usr/share/texlive/texmf-dist/tex/latex/amsmath/amsmath.sty
Package: amsmath 2020/01/20 v2.17e AMS math features
\@mathmargin=\skip58

For additional information on amsmath, use the `?' option.
(/usr/share/texlive/texmf-dist/tex/latex/amsmath/amstext.sty
Package: amstext 2000/06/29 v2.01 AMS text
 (/usr/share/texlive/texmf-dist/tex/latex/amsmath/amsgen.sty
File: amsgen.sty 1999/11/30 v2.0 generic functions
\@emptytoks=\toks14
\ex@=\dimen137
)) (/usr/share/texlive/texmf-dist/tex/latex/amsmath/amsbsy.sty
Package: amsbsy 1999/11/29 v1.2d Bold Symbols
\pmbraise@=\dimen138
) (/usr/share/texlive/texmf-dist/tex/latex/amsmath/amsopn.sty
Package: amsopn 2016/03/08 v2.02 operator names
)
\inf@bad=\count176
LaTeX Info: Redefining \frac on input line 227.
\uproot@=\count177
\leftroot@=\count178
LaTeX Info: Redefining \overline on input line 389.
\classnum@=\count179
\DOTSCASE@=\count180
LaTeX Info: Redefining \ldots on input line 486.
LaTeX Info: Redefining \dots on input line 489.
LaTeX Info: Redefining \cdots on input line 610.
\Mathstrutbox@=\box45
\strutbox@=\box46
\big@size=\dimen139
LaTeX Font Info:    Redeclaring font encoding OML on input line 733.
LaTeX Font Info:    Redeclaring font encoding OMS on input line 734.
\macc@depth=\count181
\c@MaxMatrixCols=\count182
\dotsspace@=\muskip16
\c@parentequation=\count183
\dspbrk@lvl=\count184
\tag@help=\toks15
\row@=\count185
\column@=\count186
\maxfields@=\count187
\andhelp@=\toks16
\eqnshift@=\dimen140
\alignsep@=\dimen141
\tagshift@=\dimen142
\tagwidth@=\dimen143
\totwidth@=\dimen144
\lineht@=\dimen145
\@envbody=\toks17
\multlinegap=\skip59
\multlinetaggap=\skip60
\mathdisplay@stack=\toks18
LaTeX Info: Redefining \[ on input line 2859.
LaTeX Info: Redefining \] on input line 2860.
) (/usr/share/texlive/texmf-dist/tex/latex/amsfonts/amsfonts.sty
Package: amsfonts 2013/01/14 v3.01 Basic AMSFonts support
\symAMSa=\mathgroup4
\symAMSb=\mathgroup5
LaTeX Font Info:    Redeclaring math symbol \hbar on input line 98.
LaTeX Font Info:    Overwriting math alphabet `\mathfrak' in version `bold'
(Font)                  U/euf/m/n --> U/euf/b/n on input line 106.
) (/usr/share/texlive/texmf-dist/tex/latex/amsfonts/amssymb.sty
Package: amssymb 2013/01/14 v3.01 AMS font symbols
) (/usr/share/texlive/texmf-dist/tex/latex/amsmath/amscd.sty
Package: amscd 2017/04/14 v2.1 AMS Commutative Diagrams
\athelp@=\toks19
\minaw@=\dimen146
\bigaw@=\dimen147
\minCDarrowwidth=\dimen148
) (/usr/share/texlive/texmf-dist/tex/latex/amscls/amsthm.sty
Package: amsthm 2017/10/31 v2.20.4
\thm@style=\toks20
\thm@bodyfont=\toks21
\thm@headfont=\toks22
\thm@notefont=\toks23
\thm@headpunct=\toks24
\thm@preskip=\skip61
\thm@postskip=\skip62
\thm@headsep=\skip63
\dth@everypar=\toks25
) (/usr/share/texlive/texmf-dist/tex/latex/tools/xspace.sty
Package: xspace 2014/10/28 v1.13 Space after command names (DPC,MH)
)
\c@example=\count188
\c@theorem=\count189
 (/usr/share/texlive/texmf-dist/tex/latex/caption/caption.sty
Package: caption 2020/01/03 v3.4h Customizing captions (AR)
 (/usr/share/texlive/texmf-dist/tex/latex/caption/caption3.sty
Package: caption3 2020/01/03 v1.8h caption3 kernel (AR)
Package caption3 Info: TeX engine: e-TeX on input line 61.
 (/usr/share/texlive/texmf-dist/tex/latex/graphics/keyval.sty
Package: keyval 2014/10/28 v1.15 key=value parser (DPC)
\KV@toks@=\toks26
)
\captionmargin=\dimen149
\captionmargin@=\dimen150
\captionwidth=\dimen151
\caption@tempdima=\dimen152
\caption@indent=\dimen153
\caption@parindent=\dimen154
\caption@hangindent=\dimen155
Package caption Info: Standard document class detected.
)
\c@caption@flags=\count190
\c@continuedfloat=\count191
) (/usr/share/texlive/texmf-dist/tex/latex/graphics/graphicx.sty
Package: graphicx 2019/11/30 v1.2a Enhanced LaTeX Graphics (DPC,SPQR)
 (/usr/share/texlive/texmf-dist/tex/latex/graphics/graphics.sty
Package: graphics 2019/11/30 v1.4a Standard LaTeX Graphics (DPC,SPQR)
 (/usr/share/texlive/texmf-dist/tex/latex/graphics/trig.sty
Package: trig 2016/01/03 v1.10 sin cos tan (DPC)
) (/usr/share/texlive/texmf-dist/tex/latex/graphics-cfg/graphics.cfg
File: graphics.cfg 2016/06/04 v1.11 sample graphics configuration
)
Package graphics Info: Driver file: pdftex.def on input line 105.
 (/usr/share/texlive/texmf-dist/tex/latex/graphics-def/pdftex.def
File: pdftex.def 2018/01/08 v1.0l Graphics/color driver for pdftex
))
\Gin@req@height=\dimen156
\Gin@req@width=\dimen157
) (/usr/share/texlive/texmf-dist/tex/latex/epstopdf-pkg/epstopdf.sty
Package: epstopdf 2020-01-24 v2.11 Conversion with epstopdf on the fly (HO)
 (/usr/share/texlive/texmf-dist/tex/generic/infwarerr/infwarerr.sty
Package: infwarerr 2019/12/03 v1.5 Providing info/warning/error messages (HO)
) (/usr/share/texlive/texmf-dist/tex/latex/grfext/grfext.sty
Package: grfext 2019/12/03 v1.3 Manage graphics extensions (HO)
 (/usr/share/texlive/texmf-dist/tex/generic/kvdefinekeys/kvdefinekeys.sty
Package: kvdefinekeys 2019-12-19 v1.6 Define keys (HO)
)) (/usr/share/texlive/texmf-dist/tex/latex/kvoptions/kvoptions.sty
Package: kvoptions 2019/11/29 v3.13 Key value format for package options (HO)
 (/usr/share/texlive/texmf-dist/tex/generic/ltxcmds/ltxcmds.sty
Package: ltxcmds 2019/12/15 v1.24 LaTeX kernel commands for general use (HO)
) (/usr/share/texlive/texmf-dist/tex/generic/kvsetkeys/kvsetkeys.sty
Package: kvsetkeys 2019/12/15 v1.18 Key value parser (HO)
)) (/usr/share/texlive/texmf-dist/tex/latex/pdftexcmds/pdftexcmds.sty
Package: pdftexcmds 2019/11/24 v0.31 Utility functions of pdfTeX for LuaTeX (HO)
 (/usr/share/texlive/texmf-dist/tex/generic/iftex/iftex.sty
Package: iftex 2019/11/07 v1.0c TeX engine tests
)
Package pdftexcmds Info: \pdf@primitive is available.
Package pdftexcmds Info: \pdf@ifprimitive is available.
Package pdftexcmds Info: \pdfdraftmode found.
) (/usr/share/texlive/texmf-dist/tex/latex/epstopdf-pkg/epstopdf-base.sty
Package: epstopdf-base 2020-01-24 v2.11 Base part for package epstopdf
Package epstopdf-base Info: Redefining graphics rule for `.eps' on input line 485.
Package grfext Info: Graphics extension search list:
(grfext)             [.pdf,.png,.jpg,.mps,.jpeg,.jbig2,.jb2,.PDF,.PNG,.JPG,.JPEG,.JBIG2,.JB2,.eps]
(grfext)             \AppendGraphicsExtensions on input line 504.
 (/usr/share/texlive/texmf-dist/tex/latex/latexconfig/epstopdf-sys.cfg
File: epstopdf-sys.cfg 2010/07/13 v1.3 Configuration of (r)epstopdf for TeX Live
))) (/usr/share/texlive/texmf-dist/tex/latex/caption/subcaption.sty
Package: subcaption 2020/01/22 v1.3d Sub-captions (AR)
\c@subfigure=\count192
\c@subtable=\count193
) (/usr/share/texlive/texmf-dist/tex/latex/booktabs/booktabs.sty
Package: booktabs 2020/01/12 v1.61803398 Publication quality tables
\heavyrulewidth=\dimen158
\lightrulewidth=\dimen159
\cmidrulewidth=\dimen160
\belowrulesep=\dimen161
\belowbottomsep=\dimen162
\aboverulesep=\dimen163
\abovetopsep=\dimen164
\cmidrulesep=\dimen165
\cmidrulekern=\dimen166
\defaultaddspace=\dimen167
\@cmidla=\count194
\@cmidlb=\count195
\@aboverulesep=\dimen168
\@belowrulesep=\dimen169
\@thisruleclass=\count196
\@lastruleclass=\count197
\@thisrulewidth=\dimen170
) (/usr/share/texlive/texmf-dist/tex/latex/graphics/rotating.sty
Package: rotating 2016/08/11 v2.16d rotated objects in LaTeX
 (/usr/share/texlive/texmf-dist/tex/latex/base/ifthen.sty
Package: ifthen 2014/09/29 v1.1c Standard LaTeX ifthen package (DPC)
)
\c@r@tfl@t=\count198
\rotFPtop=\skip64
\rotFPbot=\skip65
\rot@float@box=\box47
\rot@mess@toks=\toks27
) (/usr/share/texlive/texmf-dist/tex/latex/listings/listings.sty
\lst@mode=\count199
\lst@gtempboxa=\box48
\lst@token=\toks28
\lst@length=\count266
\lst@currlwidth=\dimen171
\lst@column=\count267
\lst@pos=\count268
\lst@lostspace=\dimen172
\lst@width=\dimen173
\lst@newlines=\count269
\lst@lineno=\count270
\lst@maxwidth=\dimen174
 (/home/eric/thesis/lstpatch.sty

***
*** This is a patch for listings 1.3, but you're using
*** version 1.8c.
***
*** Patch file not loaded.
***

) (/usr/share/texlive/texmf-dist/tex/latex/listings/lstmisc.sty
File: lstmisc.sty 2019/09/10 1.8c (Carsten Heinz)
\c@lstnumber=\count271
\lst@skipnumbers=\count272
\lst@framebox=\box49
) (/usr/share/texlive/texmf-dist/tex/latex/listings/listings.cfg
File: listings.cfg 2019/09/10 1.8c listings configuration
))
Package: listings 2019/09/10 1.8c (Carsten Heinz)
 (/home/eric/thesis/lstpatch.sty

***
*** This is a patch for listings 1.3, but you're using
*** version 1.8c.
***
 *** Patch file not loaded.
***

) (/usr/share/texlive/texmf-dist/tex/latex/hyperref/hyperref.sty
Package: hyperref 2020/01/14 v7.00d Hypertext links for LaTeX
 (/usr/share/texlive/texmf-dist/tex/generic/pdfescape/pdfescape.sty
Package: pdfescape 2019/12/09 v1.15 Implements pdfTeX's escape features (HO)
) (/usr/share/texlive/texmf-dist/tex/latex/hycolor/hycolor.sty
Package: hycolor 2020-01-27 v1.10 Color options for hyperref/bookmark (HO)
) (/usr/share/texlive/texmf-dist/tex/latex/letltxmacro/letltxmacro.sty
Package: letltxmacro 2019/12/03 v1.6 Let assignment for LaTeX macros (HO)
) (/usr/share/texlive/texmf-dist/tex/latex/auxhook/auxhook.sty
Package: auxhook 2019-12-17 v1.6 Hooks for auxiliary files (HO)
)
\@linkdim=\dimen175
\Hy@linkcounter=\count273
\Hy@pagecounter=\count274
 (/usr/share/texlive/texmf-dist/tex/latex/hyperref/pd1enc.def
File: pd1enc.def 2020/01/14 v7.00d Hyperref: PDFDocEncoding definition (HO)
Now handling font encoding PD1 ...
... no UTF-8 mapping file for font encoding PD1
) (/usr/share/texlive/texmf-dist/tex/generic/intcalc/intcalc.sty
Package: intcalc 2019/12/15 v1.3 Expandable calculations with integers (HO)
) (/usr/share/texlive/texmf-dist/tex/generic/etexcmds/etexcmds.sty
Package: etexcmds 2019/12/15 v1.7 Avoid name clashes with e-TeX commands (HO)
)
\Hy@SavedSpaceFactor=\count275
\pdfmajorversion=\count276
Package hyperref Info: Option `bookmarks' set `true' on input line 4421.
Package hyperref Info: Option `bookmarksopen' set `true' on input line 4421.
Package hyperref Info: Option `bookmarksnumbered' set `true' on input line 4421.
Package hyperref Info: Option `hypertexnames' set `false' on input line 4421.
Package hyperref Info: Option `colorlinks' set `true' on input line 4421.
Package hyperref Info: Option `unicode' set `true' on input line 4421.
 (/usr/share/texlive/texmf-dist/tex/latex/hyperref/puenc.def
File: puenc.def 2020/01/14 v7.00d Hyperref: PDF Unicode definition (HO)
Now handling font encoding PU ...
... no UTF-8 mapping file for font encoding PU
)
Package hyperref Info: Option `breaklinks' set `true' on input line 4421.
Package hyperref Info: Hyper figures OFF on input line 4547.
Package hyperref Info: Link nesting OFF on input line 4552.
Package hyperref Info: Hyper index ON on input line 4555.
Package hyperref Info: Plain pages OFF on input line 4562.
Package hyperref Info: Backreferencing OFF on input line 4567.
Package hyperref Info: Implicit mode ON; LaTeX internals redefined.
Package hyperref Info: Bookmarks ON on input line 4800.
\c@Hy@tempcnt=\count277
 (/usr/share/texlive/texmf-dist/tex/latex/url/url.sty
\Urlmuskip=\muskip17
Package: url 2013/09/16  ver 3.4  Verb mode for urls, etc.
)
LaTeX Info: Redefining \url on input line 5159.
\XeTeXLinkMargin=\dimen176
 (/usr/share/texlive/texmf-dist/tex/generic/bitset/bitset.sty
Package: bitset 2019/12/09 v1.3 Handle bit-vector datatype (HO)
 (/usr/share/texlive/texmf-dist/tex/generic/bigintcalc/bigintcalc.sty
Package: bigintcalc 2019/12/15 v1.5 Expandable calculations on big integers (HO)
))
\Fld@menulength=\count278
\Field@Width=\dimen177
\Fld@charsize=\dimen178
Package hyperref Info: Hyper figures OFF on input line 6430.
Package hyperref Info: Link nesting OFF on input line 6435.
Package hyperref Info: Hyper index ON on input line 6438.
Package hyperref Info: backreferencing OFF on input line 6445.
Package hyperref Info: Link coloring ON on input line 6448.
Package hyperref Info: Link coloring with OCG OFF on input line 6455.
Package hyperref Info: PDF/A mode OFF on input line 6460.
LaTeX Info: Redefining \ref on input line 6500.
LaTeX Info: Redefining \pageref on input line 6504.
 (/usr/share/texlive/texmf-dist/tex/generic/atbegshi/atbegshi.sty
Package: atbegshi 2019/12/05 v1.19 At begin shipout hook (HO)
)
\Hy@abspage=\count279
\c@Item=\count280
\c@Hfootnote=\count281
)
Package hyperref Info: Driver (autodetected): hpdftex.
 (/usr/share/texlive/texmf-dist/tex/latex/hyperref/hpdftex.def
File: hpdftex.def 2020/01/14 v7.00d Hyperref driver for pdfTeX
 (/usr/share/texlive/texmf-dist/tex/latex/atveryend/atveryend.sty
Package: atveryend 2019-12-11 v1.11 Hooks at the very end of document (HO)
Package atveryend Info: \enddocument detected (standard20110627).
)
\Fld@listcount=\count282
\c@bookmark@seq@number=\count283
 (/usr/share/texlive/texmf-dist/tex/latex/rerunfilecheck/rerunfilecheck.sty
Package: rerunfilecheck 2019/12/05 v1.9 Rerun checks for auxiliary files (HO)
 (/usr/share/texlive/texmf-dist/tex/generic/uniquecounter/uniquecounter.sty
Package: uniquecounter 2019/12/15 v1.4 Provide unlimited unique counter (HO)
)
Package uniquecounter Info: New unique counter `rerunfilecheck' on input line 286.
)
\Hy@SectionHShift=\skip66
)
\c@dummy=\count284
 (/usr/share/texlive/texmf-dist/tex/latex/tools/longtable.sty
Package: longtable 2020/01/07 v4.13 Multi-page Table package (DPC)
\LTleft=\skip67
\LTright=\skip68
\LTpre=\skip69
\LTpost=\skip70
\LTchunksize=\count285
\LTcapwidth=\dimen179
\LT@head=\box50
\LT@firsthead=\box51
\LT@foot=\box52
\LT@lastfoot=\box53
\LT@cols=\count286
\LT@rows=\count287
\c@LT@tables=\count288
\c@LT@chunks=\count289
\LT@p@ftn=\toks29
)) (/usr/share/texlive/texmf-dist/tex/latex/jknapltx/mathrsfs.sty
Package: mathrsfs 1996/01/01 Math RSFS package v1.0 (jk)
\symrsfs=\mathgroup6
) (/usr/share/texlive/texmf-dist/tex/latex/algorithms/algorithm.sty
Package: algorithm 2009/08/24 v0.1 Document Style `algorithm' - floating environment
 (/usr/share/texlive/texmf-dist/tex/latex/float/float.sty
Package: float 2001/11/08 v1.3d Float enhancements (AL)
\c@float@type=\count290
\float@exts=\toks30
\float@box=\box54
\@float@everytoks=\toks31
\@floatcapt=\box55
)
\@float@every@algorithm=\toks32
\c@algorithm=\count291
) (/usr/share/texlive/texmf-dist/tex/latex/enumitem/enumitem.sty
Package: enumitem 2019/06/20 v3.9 Customized lists
\labelindent=\skip71
\enit@outerparindent=\dimen180
\enit@toks=\toks33
\enit@inbox=\box56
\enit@count@id=\count292
\enitdp@description=\count293
) (/usr/share/texlive/texmf-dist/tex/latex/algorithmicx/algpseudocode.sty
Package: algpseudocode 
 (/usr/share/texlive/texmf-dist/tex/latex/algorithmicx/algorithmicx.sty
Package: algorithmicx 2005/04/27 v1.2 Algorithmicx

Document Style algorithmicx 1.2 - a greatly improved `algorithmic' style
\c@ALG@line=\count294
\c@ALG@rem=\count295
\c@ALG@nested=\count296
\ALG@tlm=\skip72
\ALG@thistlm=\skip73
\c@ALG@Lnr=\count297
\c@ALG@blocknr=\count298
\c@ALG@storecount=\count299
\c@ALG@tmpcounter=\count300
\ALG@tmplength=\skip74
)
Document Style - pseudocode environments for use with the `algorithmicx' style
) (/usr/share/texlive/texmf-dist/tex/latex/bbold/bbold.sty
Package: bbold 1994/04/06 Bbold symbol package
LaTeX Font Info:    Redeclaring math alphabet \mathbb on input line 42.
) (/usr/share/texlive/texmf-dist/tex/latex/natbib/natbib.sty
Package: natbib 2010/09/13 8.31b (PWD, AO)
\bibhang=\skip75
\bibsep=\skip76
LaTeX Info: Redefining \cite on input line 694.
\c@NAT@ctr=\count301
) (/usr/share/texlive/texmf-dist/tex/latex/tools/verbatim.sty
Package: verbatim 2019/11/10 v1.5r LaTeX2e package for verbatim enhancements
\every@verbatim=\toks34
\verbatim@line=\toks35
\verbatim@in@stream=\read2
) (/home/eric/thesis/vector.sty
Package: vector 1994/09/16 v1.0 vector macros for LaTeX2e (nde)
 (/usr/share/texlive/texmf-dist/tex/latex/tools/calc.sty
Package: calc 2017/05/25 v4.3 Infix arithmetic (KKT,FJ)
\calc@Acount=\count302
\calc@Bcount=\count303
\calc@Adimen=\dimen181
\calc@Bdimen=\dimen182
\calc@Askip=\skip77
\calc@Bskip=\skip78
LaTeX Info: Redefining \setlength on input line 80.
LaTeX Info: Redefining \addtolength on input line 81.
\calc@Ccount=\count304
\calc@Cskip=\skip79
)
\c@vec@elem=\count305
) (/usr/share/texlive/texmf-dist/tex/latex/pgf/frontendlayer/tikz.sty (/usr/share/texlive/texmf-dist/tex/latex/pgf/basiclayer/pgf.sty (/usr/share/texlive/texmf-dist/tex/latex/pgf/utilities/pgfrcs.sty (/usr/share/texlive/texmf-dist/tex/generic/pgf/utilities/pgfutil-common.tex
\pgfutil@everybye=\toks36
\pgfutil@tempdima=\dimen183
\pgfutil@tempdimb=\dimen184
 (/usr/share/texlive/texmf-dist/tex/generic/pgf/utilities/pgfutil-common-lists.tex)) (/usr/share/texlive/texmf-dist/tex/generic/pgf/utilities/pgfutil-latex.def
\pgfutil@abb=\box57
 (/usr/share/texlive/texmf-dist/tex/latex/ms/everyshi.sty
Package: everyshi 2001/05/15 v3.00 EveryShipout Package (MS)
)) (/usr/share/texlive/texmf-dist/tex/generic/pgf/utilities/pgfrcs.code.tex (/usr/share/texlive/texmf-dist/tex/generic/pgf/pgf.revision.tex)
Package: pgfrcs 2020/01/08 v3.1.5b (3.1.5b)
))
Package: pgf 2020/01/08 v3.1.5b (3.1.5b)
 (/usr/share/texlive/texmf-dist/tex/latex/pgf/basiclayer/pgfcore.sty (/usr/share/texlive/texmf-dist/tex/latex/pgf/systemlayer/pgfsys.sty (/usr/share/texlive/texmf-dist/tex/generic/pgf/systemlayer/pgfsys.code.tex
Package: pgfsys 2020/01/08 v3.1.5b (3.1.5b)
 (/usr/share/texlive/texmf-dist/tex/generic/pgf/utilities/pgfkeys.code.tex
\pgfkeys@pathtoks=\toks37
\pgfkeys@temptoks=\toks38
 (/usr/share/texlive/texmf-dist/tex/generic/pgf/utilities/pgfkeysfiltered.code.tex
\pgfkeys@tmptoks=\toks39
))
\pgf@x=\dimen185
\pgf@y=\dimen186
\pgf@xa=\dimen187
\pgf@ya=\dimen188
\pgf@xb=\dimen189
\pgf@yb=\dimen190
\pgf@xc=\dimen191
\pgf@yc=\dimen192
\pgf@xd=\dimen193
\pgf@yd=\dimen194
\w@pgf@writea=\write3
\r@pgf@reada=\read3
\c@pgf@counta=\count306
\c@pgf@countb=\count307
\c@pgf@countc=\count308
\c@pgf@countd=\count309
\t@pgf@toka=\toks40
\t@pgf@tokb=\toks41
\t@pgf@tokc=\toks42
\pgf@sys@id@count=\count310
 (/usr/share/texlive/texmf-dist/tex/generic/pgf/systemlayer/pgf.cfg
File: pgf.cfg 2020/01/08 v3.1.5b (3.1.5b)
)
Driver file for pgf: pgfsys-pdftex.def
 (/usr/share/texlive/texmf-dist/tex/generic/pgf/systemlayer/pgfsys-pdftex.def
File: pgfsys-pdftex.def 2020/01/08 v3.1.5b (3.1.5b)
 (/usr/share/texlive/texmf-dist/tex/generic/pgf/systemlayer/pgfsys-common-pdf.def
File: pgfsys-common-pdf.def 2020/01/08 v3.1.5b (3.1.5b)
))) (/usr/share/texlive/texmf-dist/tex/generic/pgf/systemlayer/pgfsyssoftpath.code.tex
File: pgfsyssoftpath.code.tex 2020/01/08 v3.1.5b (3.1.5b)
\pgfsyssoftpath@smallbuffer@items=\count311
\pgfsyssoftpath@bigbuffer@items=\count312
) (/usr/share/texlive/texmf-dist/tex/generic/pgf/systemlayer/pgfsysprotocol.code.tex
File: pgfsysprotocol.code.tex 2020/01/08 v3.1.5b (3.1.5b)
)) (/usr/share/texlive/texmf-dist/tex/latex/xcolor/xcolor.sty
Package: xcolor 2016/05/11 v2.12 LaTeX color extensions (UK)
 (/usr/share/texlive/texmf-dist/tex/latex/graphics-cfg/color.cfg
File: color.cfg 2016/01/02 v1.6 sample color configuration
)
Package xcolor Info: Driver file: pdftex.def on input line 225.
Package xcolor Info: Model `cmy' substituted by `cmy0' on input line 1348.
Package xcolor Info: Model `hsb' substituted by `rgb' on input line 1352.
Package xcolor Info: Model `RGB' extended on input line 1364.
Package xcolor Info: Model `HTML' substituted by `rgb' on input line 1366.
Package xcolor Info: Model `Hsb' substituted by `hsb' on input line 1367.
Package xcolor Info: Model `tHsb' substituted by `hsb' on input line 1368.
Package xcolor Info: Model `HSB' substituted by `hsb' on input line 1369.
Package xcolor Info: Model `Gray' substituted by `gray' on input line 1370.
Package xcolor Info: Model `wave' substituted by `hsb' on input line 1371.
) (/usr/share/texlive/texmf-dist/tex/generic/pgf/basiclayer/pgfcore.code.tex
Package: pgfcore 2020/01/08 v3.1.5b (3.1.5b)
 (/usr/share/texlive/texmf-dist/tex/generic/pgf/math/pgfmath.code.tex (/usr/share/texlive/texmf-dist/tex/generic/pgf/math/pgfmathcalc.code.tex (/usr/share/texlive/texmf-dist/tex/generic/pgf/math/pgfmathutil.code.tex) (/usr/share/texlive/texmf-dist/tex/generic/pgf/math/pgfmathparser.code.tex
\pgfmath@dimen=\dimen195
\pgfmath@count=\count313
\pgfmath@box=\box58
\pgfmath@toks=\toks43
\pgfmath@stack@operand=\toks44
\pgfmath@stack@operation=\toks45
) (/usr/share/texlive/texmf-dist/tex/generic/pgf/math/pgfmathfunctions.code.tex (/usr/share/texlive/texmf-dist/tex/generic/pgf/math/pgfmathfunctions.basic.code.tex) (/usr/share/texlive/texmf-dist/tex/generic/pgf/math/pgfmathfunctions.trigonometric.code.tex) (/usr/share/texlive/texmf-dist/tex/generic/pgf/math/pgfmathfunctions.random.code.tex) (/usr/share/texlive/texmf-dist/tex/generic/pgf/math/pgfmathfunctions.comparison.code.tex) (/usr/share/texlive/texmf-dist/tex/generic/pgf/math/pgfmathfunctions.base.code.tex) (/usr/share/texlive/texmf-dist/tex/generic/pgf/math/pgfmathfunctions.round.code.tex) (/usr/share/texlive/texmf-dist/tex/generic/pgf/math/pgfmathfunctions.misc.code.tex) (/usr/share/texlive/texmf-dist/tex/generic/pgf/math/pgfmathfunctions.integerarithmetics.code.tex))) (/usr/share/texlive/texmf-dist/tex/generic/pgf/math/pgfmathfloat.code.tex
\c@pgfmathroundto@lastzeros=\count314
)) (/usr/share/texlive/texmf-dist/tex/generic/pgf/math/pgfint.code.tex) (/usr/share/texlive/texmf-dist/tex/generic/pgf/basiclayer/pgfcorepoints.code.tex
File: pgfcorepoints.code.tex 2020/01/08 v3.1.5b (3.1.5b)
\pgf@picminx=\dimen196
\pgf@picmaxx=\dimen197
\pgf@picminy=\dimen198
\pgf@picmaxy=\dimen199
\pgf@pathminx=\dimen256
\pgf@pathmaxx=\dimen257
\pgf@pathminy=\dimen258
\pgf@pathmaxy=\dimen259
\pgf@xx=\dimen260
\pgf@xy=\dimen261
\pgf@yx=\dimen262
\pgf@yy=\dimen263
\pgf@zx=\dimen264
\pgf@zy=\dimen265
) (/usr/share/texlive/texmf-dist/tex/generic/pgf/basiclayer/pgfcorepathconstruct.code.tex
File: pgfcorepathconstruct.code.tex 2020/01/08 v3.1.5b (3.1.5b)
\pgf@path@lastx=\dimen266
\pgf@path@lasty=\dimen267
) (/usr/share/texlive/texmf-dist/tex/generic/pgf/basiclayer/pgfcorepathusage.code.tex
File: pgfcorepathusage.code.tex 2020/01/08 v3.1.5b (3.1.5b)
\pgf@shorten@end@additional=\dimen268
\pgf@shorten@start@additional=\dimen269
) (/usr/share/texlive/texmf-dist/tex/generic/pgf/basiclayer/pgfcorescopes.code.tex
File: pgfcorescopes.code.tex 2020/01/08 v3.1.5b (3.1.5b)
\pgfpic=\box59
\pgf@hbox=\box60
\pgf@layerbox@main=\box61
\pgf@picture@serial@count=\count315
) (/usr/share/texlive/texmf-dist/tex/generic/pgf/basiclayer/pgfcoregraphicstate.code.tex
File: pgfcoregraphicstate.code.tex 2020/01/08 v3.1.5b (3.1.5b)
\pgflinewidth=\dimen270
) (/usr/share/texlive/texmf-dist/tex/generic/pgf/basiclayer/pgfcoretransformations.code.tex
File: pgfcoretransformations.code.tex 2020/01/08 v3.1.5b (3.1.5b)
\pgf@pt@x=\dimen271
\pgf@pt@y=\dimen272
\pgf@pt@temp=\dimen273
) (/usr/share/texlive/texmf-dist/tex/generic/pgf/basiclayer/pgfcorequick.code.tex
File: pgfcorequick.code.tex 2020/01/08 v3.1.5b (3.1.5b)
) (/usr/share/texlive/texmf-dist/tex/generic/pgf/basiclayer/pgfcoreobjects.code.tex
File: pgfcoreobjects.code.tex 2020/01/08 v3.1.5b (3.1.5b)
) (/usr/share/texlive/texmf-dist/tex/generic/pgf/basiclayer/pgfcorepathprocessing.code.tex
File: pgfcorepathprocessing.code.tex 2020/01/08 v3.1.5b (3.1.5b)
) (/usr/share/texlive/texmf-dist/tex/generic/pgf/basiclayer/pgfcorearrows.code.tex
File: pgfcorearrows.code.tex 2020/01/08 v3.1.5b (3.1.5b)
\pgfarrowsep=\dimen274
) (/usr/share/texlive/texmf-dist/tex/generic/pgf/basiclayer/pgfcoreshade.code.tex
File: pgfcoreshade.code.tex 2020/01/08 v3.1.5b (3.1.5b)
\pgf@max=\dimen275
\pgf@sys@shading@range@num=\count316
\pgf@shadingcount=\count317
) (/usr/share/texlive/texmf-dist/tex/generic/pgf/basiclayer/pgfcoreimage.code.tex
File: pgfcoreimage.code.tex 2020/01/08 v3.1.5b (3.1.5b)
 (/usr/share/texlive/texmf-dist/tex/generic/pgf/basiclayer/pgfcoreexternal.code.tex
File: pgfcoreexternal.code.tex 2020/01/08 v3.1.5b (3.1.5b)
\pgfexternal@startupbox=\box62
)) (/usr/share/texlive/texmf-dist/tex/generic/pgf/basiclayer/pgfcorelayers.code.tex
File: pgfcorelayers.code.tex 2020/01/08 v3.1.5b (3.1.5b)
) (/usr/share/texlive/texmf-dist/tex/generic/pgf/basiclayer/pgfcoretransparency.code.tex
File: pgfcoretransparency.code.tex 2020/01/08 v3.1.5b (3.1.5b)
) (/usr/share/texlive/texmf-dist/tex/generic/pgf/basiclayer/pgfcorepatterns.code.tex
File: pgfcorepatterns.code.tex 2020/01/08 v3.1.5b (3.1.5b)
) (/usr/share/texlive/texmf-dist/tex/generic/pgf/basiclayer/pgfcorerdf.code.tex
File: pgfcorerdf.code.tex 2020/01/08 v3.1.5b (3.1.5b)
))) (/usr/share/texlive/texmf-dist/tex/generic/pgf/modules/pgfmoduleshapes.code.tex
File: pgfmoduleshapes.code.tex 2020/01/08 v3.1.5b (3.1.5b)
\pgfnodeparttextbox=\box63
) (/usr/share/texlive/texmf-dist/tex/generic/pgf/modules/pgfmoduleplot.code.tex
File: pgfmoduleplot.code.tex 2020/01/08 v3.1.5b (3.1.5b)
) (/usr/share/texlive/texmf-dist/tex/latex/pgf/compatibility/pgfcomp-version-0-65.sty
Package: pgfcomp-version-0-65 2020/01/08 v3.1.5b (3.1.5b)
\pgf@nodesepstart=\dimen276
\pgf@nodesepend=\dimen277
) (/usr/share/texlive/texmf-dist/tex/latex/pgf/compatibility/pgfcomp-version-1-18.sty
Package: pgfcomp-version-1-18 2020/01/08 v3.1.5b (3.1.5b)
)) (/usr/share/texlive/texmf-dist/tex/latex/pgf/utilities/pgffor.sty (/usr/share/texlive/texmf-dist/tex/latex/pgf/utilities/pgfkeys.sty (/usr/share/texlive/texmf-dist/tex/generic/pgf/utilities/pgfkeys.code.tex)) (/usr/share/texlive/texmf-dist/tex/latex/pgf/math/pgfmath.sty (/usr/share/texlive/texmf-dist/tex/generic/pgf/math/pgfmath.code.tex)) (/usr/share/texlive/texmf-dist/tex/generic/pgf/utilities/pgffor.code.tex
Package: pgffor 2020/01/08 v3.1.5b (3.1.5b)
 (/usr/share/texlive/texmf-dist/tex/generic/pgf/math/pgfmath.code.tex)
\pgffor@iter=\dimen278
\pgffor@skip=\dimen279
\pgffor@stack=\toks46
\pgffor@toks=\toks47
)) (/usr/share/texlive/texmf-dist/tex/generic/pgf/frontendlayer/tikz/tikz.code.tex
Package: tikz 2020/01/08 v3.1.5b (3.1.5b)
 (/usr/share/texlive/texmf-dist/tex/generic/pgf/libraries/pgflibraryplothandlers.code.tex
File: pgflibraryplothandlers.code.tex 2020/01/08 v3.1.5b (3.1.5b)
\pgf@plot@mark@count=\count318
\pgfplotmarksize=\dimen280
)
\tikz@lastx=\dimen281
\tikz@lasty=\dimen282
\tikz@lastxsaved=\dimen283
\tikz@lastysaved=\dimen284
\tikz@lastmovetox=\dimen285
\tikz@lastmovetoy=\dimen286
\tikzleveldistance=\dimen287
\tikzsiblingdistance=\dimen288
\tikz@figbox=\box64
\tikz@figbox@bg=\box65
\tikz@tempbox=\box66
\tikz@tempbox@bg=\box67
\tikztreelevel=\count319
\tikznumberofchildren=\count320
\tikznumberofcurrentchild=\count321
\tikz@fig@count=\count322
 (/usr/share/texlive/texmf-dist/tex/generic/pgf/modules/pgfmodulematrix.code.tex
File: pgfmodulematrix.code.tex 2020/01/08 v3.1.5b (3.1.5b)
\pgfmatrixcurrentrow=\count323
\pgfmatrixcurrentcolumn=\count324
\pgf@matrix@numberofcolumns=\count325
)
\tikz@expandcount=\count326
 (/usr/share/texlive/texmf-dist/tex/generic/pgf/frontendlayer/tikz/libraries/tikzlibrarytopaths.code.tex
File: tikzlibrarytopaths.code.tex 2020/01/08 v3.1.5b (3.1.5b)
))) (/usr/share/texlive/texmf-dist/tex/latex/tikz-network/tikz-network.sty
Package: tikz-network 2019/08/15 tikz-network v1.1
 (/usr/share/texlive/texmf-dist/tex/latex/etex-pkg/etex.sty
Package: etex 2016/08/01 v2.7 eTeX basic definition package (PEB,DPC)


Package etex Warning: Extended allocation already in use.
(etex)                etex.sty code will not be used.
(etex)                To force etex package to load, add
(etex)                \RequirePackage{etex}
(etex)                at the start of the document.

) (/usr/share/texlive/texmf-dist/tex/latex/xifthen/xifthen.sty
Package: xifthen 2015/11/05 v1.4.0 Extended ifthen features
 (/usr/share/texlive/texmf-dist/tex/latex/ifmtarg/ifmtarg.sty
Package: ifmtarg 2018/04/16 v1.2b check for an empty argument
)) (/usr/share/texlive/texmf-dist/tex/latex/xkeyval/xkeyval.sty
Package: xkeyval 2014/12/03 v2.7a package option processing (HA)
 (/usr/share/texlive/texmf-dist/tex/generic/xkeyval/xkeyval.tex (/usr/share/texlive/texmf-dist/tex/generic/xkeyval/xkvutils.tex
\XKV@toks=\toks48
\XKV@tempa@toks=\toks49
)
\XKV@depth=\count327
File: xkeyval.tex 2014/12/03 v2.7a key=value parser (HA)
)) (/usr/share/texlive/texmf-dist/tex/latex/datatool/datatool.sty
Package: datatool 2019/09/27 v2.32 (NLCT)
 (/usr/share/texlive/texmf-dist/tex/latex/xfor/xfor.sty
Package: xfor 2009/02/05 v1.05 (NLCT)
) (/usr/share/texlive/texmf-dist/tex/latex/substr/substr.sty
Package: substr 2009/10/20 v1.2 Handle substrings
\c@su@anzahl=\count328
) (/usr/share/texlive/texmf-dist/tex/latex/etoolbox/etoolbox.sty
Package: etoolbox 2019/09/21 v2.5h e-TeX tools for LaTeX (JAW)
\etb@tempcnta=\count329
) (/usr/share/texlive/texmf-dist/tex/latex/datatool/datatool-base.sty
Package: datatool-base 2019/09/27 v2.32 (NLCT)
 (/usr/share/texlive/texmf-dist/tex/latex/datatool/datatool-fp.sty
Package: datatool-fp 2019/09/27 v2.32 (NLCT)
 (/usr/share/texlive/texmf-dist/tex/latex/fp/fp.sty
Package: fp 1995/04/02
 `Fixed Point Package', Version 0.8, April 2, 1995 (C) Michael Mehlich (/usr/share/texlive/texmf-dist/tex/latex/fp/defpattern.sty
Package: defpattern 1994/10/12
\actioncount=\count330
) (/usr/share/texlive/texmf-dist/tex/latex/fp/fp-basic.sty
Package: fp-basic 1996/05/13
\FP@xs=\count331
\FP@xia=\count332
\FP@xib=\count333
\FP@xfa=\count334
\FP@xfb=\count335
\FP@rega=\count336
\FP@regb=\count337
\FP@regs=\count338
\FP@times=\count339
) (/usr/share/texlive/texmf-dist/tex/latex/fp/fp-addons.sty
Package: fp-addons 1995/03/15
) (/usr/share/texlive/texmf-dist/tex/latex/fp/fp-snap.sty
Package: fp-snap 1995/04/05
) (/usr/share/texlive/texmf-dist/tex/latex/fp/fp-exp.sty
Package: fp-exp 1995/04/03
) (/usr/share/texlive/texmf-dist/tex/latex/fp/fp-trigo.sty
Package: fp-trigo 1995/04/14
) (/usr/share/texlive/texmf-dist/tex/latex/fp/fp-pas.sty
Package: fp-pas 1994/08/29
) (/usr/share/texlive/texmf-dist/tex/latex/fp/fp-random.sty
Package: fp-random 1995/02/23
\FPseed=\count340
) (/usr/share/texlive/texmf-dist/tex/latex/fp/fp-eqn.sty
Package: fp-eqn 1995/04/03
) (/usr/share/texlive/texmf-dist/tex/latex/fp/fp-upn.sty
Package: fp-upn 1996/10/21
) (/usr/share/texlive/texmf-dist/tex/latex/fp/fp-eval.sty
Package: fp-eval 1995/04/03
)))
\@dtl@toks=\toks50
\@dtl@tmpcount=\count341
\dtl@tmplength=\skip80
\dtl@sortresult=\count342
\@dtl@numgrpsepcount=\count343
\@dtl@datatype=\count344
\dtl@codeA=\count345
\dtl@codeB=\count346
\@dtl@foreach@level=\count347
)
\dtlcolumnnum=\count348
\dtlrownum=\count349
\@dtl@before=\toks51
\@dtl@after=\toks52
\@dtl@colhead=\toks53
\dtlcurrentrow=\toks54
\dtlbeforerow=\toks55
\dtlafterrow=\toks56
\dtlforeachlevel=\count350
\c@DTLrowi=\count351
\c@DTLrowii=\count352
\c@DTLrowiii=\count353
\c@DTLrow=\count354
\dtl@rowi=\count355
\dtl@rowii=\count356
\dtl@rowiii=\count357
\@dtl@curi=\toks57
\@dtl@previ=\toks58
\@dtl@nexti=\toks59
\@dtl@curii=\toks60
\@dtl@previi=\toks61
\@dtl@nextii=\toks62
\@dtl@curiii=\toks63
\@dtl@previii=\toks64
\@dtl@nextiii=\toks65
\@dtl@elements=\count358
\@dtl@list=\toks66
\@dtl@rowa=\toks67
\@dtl@rowb=\toks68
\@dtl@toksA=\toks69
\@dtl@toksB=\toks70
\@dtl@write=\write4
\@dtl@read=\read4
\dtl@entrycr=\count359
\dtl@omitlines=\count360
) (/usr/share/texlive/texmf-dist/tex/latex/trimspaces/trimspaces.sty
Package: trimspaces 2009/09/17 v1.1 Trim spaces around a token list
) (/usr/share/texlive/texmf-dist/tex/generic/pgf/frontendlayer/tikz/libraries/tikzlibraryarrows.code.tex
File: tikzlibraryarrows.code.tex 2020/01/08 v3.1.5b (3.1.5b)
 (/usr/share/texlive/texmf-dist/tex/generic/pgf/libraries/pgflibraryarrows.code.tex
File: pgflibraryarrows.code.tex 2020/01/08 v3.1.5b (3.1.5b)
\arrowsize=\dimen289
)) (/usr/share/texlive/texmf-dist/tex/generic/pgf/frontendlayer/tikz/libraries/tikzlibrarypositioning.code.tex
File: tikzlibrarypositioning.code.tex 2020/01/08 v3.1.5b (3.1.5b)
) (/usr/share/texlive/texmf-dist/tex/generic/pgf/frontendlayer/tikz/libraries/tikzlibrary3d.code.tex
File: tikzlibrary3d.code.tex 2020/01/08 v3.1.5b (3.1.5b)
) (/usr/share/texlive/texmf-dist/tex/generic/pgf/frontendlayer/tikz/libraries/tikzlibraryfit.code.tex
File: tikzlibraryfit.code.tex 2020/01/08 v3.1.5b (3.1.5b)
) (/usr/share/texlive/texmf-dist/tex/generic/pgf/frontendlayer/tikz/libraries/tikzlibrarycalc.code.tex
File: tikzlibrarycalc.code.tex 2020/01/08 v3.1.5b (3.1.5b)
) (/usr/share/texlive/texmf-dist/tex/generic/pgf/frontendlayer/tikz/libraries/tikzlibrarybackgrounds.code.tex
File: tikzlibrarybackgrounds.code.tex 2020/01/08 v3.1.5b (3.1.5b)
\pgf@layerbox@background=\box68
\pgf@layerboxsaved@background=\box69
) (/usr/share/texlive/texmf-dist/tex/generic/pgf/libraries/pgflibraryarrows.meta.code.tex
File: pgflibraryarrows.meta.code.tex 2020/01/08 v3.1.5b (3.1.5b)
\pgfarrowinset=\dimen290
\pgfarrowlength=\dimen291
\pgfarrowwidth=\dimen292
\pgfarrowlinewidth=\dimen293
) (/usr/share/texlive/texmf-dist/tex/generic/pgf/frontendlayer/tikz/libraries/tikzlibraryshapes.geometric.code.tex
File: tikzlibraryshapes.geometric.code.tex 2020/01/08 v3.1.5b (3.1.5b)
 (/usr/share/texlive/texmf-dist/tex/generic/pgf/libraries/shapes/pgflibraryshapes.geometric.code.tex
File: pgflibraryshapes.geometric.code.tex 2020/01/08 v3.1.5b (3.1.5b)
))
\c@LayerCounter=\count361
) (/usr/share/texlive/texmf-dist/tex/latex/placeins/placeins.sty
Package: placeins 2005/04/18  v 2.2
)
Package hyperref Info: Option `colorlinks' set `true' on input line 24.
 (/usr/share/texlive/texmf-dist/tex/latex/l3backend/l3backend-pdfmode.def
File: l3backend-pdfmode.def 2020-02-03 L3 backend support: PDF mode
\l__kernel_color_stack_int=\count362
\l__pdf_internal_box=\box70
) (/home/eric/thesis/Thesis.aux)
\openout1 = `Thesis.aux'.

LaTeX Font Info:    Checking defaults for OML/cmm/m/it on input line 27.
LaTeX Font Info:    ... okay on input line 27.
LaTeX Font Info:    Checking defaults for OMS/cmsy/m/n on input line 27.
LaTeX Font Info:    ... okay on input line 27.
LaTeX Font Info:    Checking defaults for OT1/cmr/m/n on input line 27.
LaTeX Font Info:    ... okay on input line 27.
LaTeX Font Info:    Checking defaults for T1/cmr/m/n on input line 27.
LaTeX Font Info:    ... okay on input line 27.
LaTeX Font Info:    Checking defaults for TS1/cmr/m/n on input line 27.
LaTeX Font Info:    ... okay on input line 27.
LaTeX Font Info:    Checking defaults for OMX/cmex/m/n on input line 27.
LaTeX Font Info:    ... okay on input line 27.
LaTeX Font Info:    Checking defaults for U/cmr/m/n on input line 27.
LaTeX Font Info:    ... okay on input line 27.
LaTeX Font Info:    Checking defaults for PD1/pdf/m/n on input line 27.
LaTeX Font Info:    ... okay on input line 27.
LaTeX Font Info:    Checking defaults for PU/pdf/m/n on input line 27.
LaTeX Font Info:    ... okay on input line 27.
Package caption Info: Begin \AtBeginDocument code.
Package caption Info: float package is loaded.
Package caption Info: hyperref package is loaded.
Package caption Info: listings package is loaded.
Package caption Info: longtable package is loaded.
 (/usr/share/texlive/texmf-dist/tex/latex/caption/ltcaption.sty
Package: ltcaption 2018/08/26 v1.4a longtable captions (AR)
)
Package caption Info: rotating package is loaded.
Package caption Info: End \AtBeginDocument code.
 (/usr/share/texlive/texmf-dist/tex/context/base/mkii/supp-pdf.mkii
[Loading MPS to PDF converter (version 2006.09.02).]
\scratchcounter=\count363
\scratchdimen=\dimen294
\scratchbox=\box71
\nofMPsegments=\count364
\nofMParguments=\count365
\everyMPshowfont=\toks71
\MPscratchCnt=\count366
\MPscratchDim=\dimen295
\MPnumerator=\count367
\makeMPintoPDFobject=\count368
\everyMPtoPDFconversion=\toks72
)
\c@lstlisting=\count369
\AtBeginShipoutBox=\box72
Package hyperref Info: Link coloring ON on input line 27.
 (/usr/share/texlive/texmf-dist/tex/latex/hyperref/nameref.sty
Package: nameref 2019/09/16 v2.46 Cross-referencing by name of section
 (/usr/share/texlive/texmf-dist/tex/latex/refcount/refcount.sty
Package: refcount 2019/12/15 v3.6 Data extraction from label references (HO)
) (/usr/share/texlive/texmf-dist/tex/generic/gettitlestring/gettitlestring.sty
Package: gettitlestring 2019/12/15 v1.6 Cleanup title references (HO)
)
\c@section@level=\count370
)
LaTeX Info: Redefining \ref on input line 27.
LaTeX Info: Redefining \pageref on input line 27.
LaTeX Info: Redefining \nameref on input line 27.
 (/home/eric/thesis/Thesis.out) (/home/eric/thesis/Thesis.out)
\@outlinefile=\write5
\openout5 = `Thesis.out'.

 ABD: EveryShipout initializing macros (/home/eric/thesis/Chapters/ma_titlepage.tex [1



{/var/lib/texmf/fonts/map/pdftex/updmap/pdftex.map}] [2] [3]) [1]
Underfull \hbox (badness 10000) in paragraph at lines 152--156

 []

[2

]
------------------------------------------------------------------------------
 Table of Contents
------------------------------------------------------------------------------
(/home/eric/thesis/Thesis.toc
LaTeX Font Info:    Trying to load font information for U+msa on input line 4.
 (/usr/share/texlive/texmf-dist/tex/latex/amsfonts/umsa.fd
File: umsa.fd 2013/01/14 v3.01 AMS symbols A
)
LaTeX Font Info:    Trying to load font information for U+msb on input line 4.
 (/usr/share/texlive/texmf-dist/tex/latex/amsfonts/umsb.fd
File: umsb.fd 2013/01/14 v3.01 AMS symbols B
)
LaTeX Font Info:    Trying to load font information for U+rsfs on input line 4.
 (/usr/share/texlive/texmf-dist/tex/latex/jknapltx/ursfs.fd
File: ursfs.fd 1998/03/24 rsfs font definition file (jk)
) [3


] [4])
\tf@toc=\write6
\openout6 = `Thesis.toc'.

 [5]
------------------------------------------------------------------------------
 List of Figures
------------------------------------------------------------------------------
(/home/eric/thesis/Thesis.lof [6


])
\tf@lof=\write7
\openout7 = `Thesis.lof'.

 [7]
------------------------------------------------------------------------------
 List of Tables
------------------------------------------------------------------------------
(/home/eric/thesis/Thesis.lot)
\tf@lot=\write8
\openout8 = `Thesis.lot'.

 [8


] (/home/eric/thesis/Chapters/Chapter_Dyn_Sys.tex
Chapter 1.
------------------------------------------------------------------------------
 1 Dynamical Systems
------------------------------------------------------------------------------
LaTeX Font Info:    Trying to load font information for U+bbold on input line 11.
(/usr/share/texlive/texmf-dist/tex/latex/bbold/Ubbold.fd) [1



]
Overfull \hbox (1.00429pt too wide) in paragraph at lines 66--69
\OT1/cmr/m/n/10.95 nates $\OML/cmm/m/it/10.95 x[]; [] x[]$\OT1/cmr/m/n/10.95 , are the func-tions $\OML/cmm/m/it/10.95 f[]\OT1/cmr/m/n/10.95 (\OML/cmm/m/it/10.95 x\OT1/cmr/m/n/10.95 )\OML/cmm/m/it/10.95 ; []  ; f[]\OT1/cmr/m/n/10.95 (\OML/cmm/m/it/10.95 X\OT1/cmr/m/n/10.95 )$. The vec-tor $\OML/cmm/m/it/10.95 f\OT1/cmr/m/n/10.95 (\OML/cmm/m/it/10.95 x\OT1/cmr/m/n/10.95 ) = (\OML/cmm/m/it/10.95 f[]\OT1/cmr/m/n/10.95 (\OML/cmm/m/it/10.95 x\OT1/cmr/m/n/10.95 )\OML/cmm/m/it/10.95 ; []  ; f[]\OT1/cmr/m/n/10.95 (\OML/cmm/m/it/10.95 x\OT1/cmr/m/n/10.95 ))$
 []

[2]
Overfull \hbox (21.34572pt too wide) in paragraph at lines 100--102
[]\OT1/cmr/m/n/10.95 Similarly, if there is a se-quence $\OMS/cmsy/m/n/10.95 f\OML/cmm/m/it/10.95 t[]\OMS/cmsy/m/n/10.95 g[]$ \OT1/cmr/m/n/10.95 that in-stead has $\OML/cmm/m/it/10.95 t[] \OMS/cmsy/m/n/10.95 ! ^^@1$ \OT1/cmr/m/n/10.95 such that $[][] \OML/cmm/m/it/10.95 ^^^[]\OT1/cmr/m/n/10.95 (\OML/cmm/m/it/10.95 x\OT1/cmr/m/n/10.95 ) =
 []

[3] [4] [5] [6] [7] [8] [9] [10]) (/home/eric/thesis/Chapters/Chapter_RNN.tex [11]
Chapter 2.
------------------------------------------------------------------------------
 2 Recurrent Neural Networks
------------------------------------------------------------------------------
[12

] (/home/eric/thesis/tikz_figures/basic.tikz) [13] (/home/eric/thesis/tikz_figures/full.tikz) [14] [15] (/home/eric/thesis/tikz_figures/bptt.tikz) [16] [17]
Package hyperref Info: bookmark level for unknown algorithm defaults to 0 on input line 201.
 [18] [19] [20]
Overfull \hbox (0.51662pt too wide) in paragraph at lines 292--292
[]\OT1/cmr/bx/n/14.4 Piecewise Lin-ear Re-cur-rent Neu-ral Net-work (PLRNN) 
 []

[21] [22] [23] [24] [25]
<Images/hrf_comp.png, id=867, 833.1125pt x 602.25pt>
File: Images/hrf_comp.png Graphic file (type png)
<use Images/hrf_comp.png>
Package pdftex.def Info: Images/hrf_comp.png  used on input line 479.
(pdftex.def)             Requested size: 417.47307pt x 301.7859pt.
 [26 </home/eric/thesis/Images/hrf_comp.png>]) (/home/eric/thesis/Chapters/Chapter_Fourier.tex [27]
Chapter 3.
------------------------------------------------------------------------------
 3 Fourier Transform
------------------------------------------------------------------------------
[28

] [29] [30] [31] [32] (/home/eric/thesis/tikz_figures/butterfly_basic.tikz) (/home/eric/thesis/tikz_figures/butterfly_fft.tikz
Overfull \hbox (36.3636pt too wide) in paragraph at lines 37--38
[][] 
 []

)) (/home/eric/thesis/Chapters/Chapter_Conv_Deconv.tex [33] [34] [35] [36] [37]) (/home/eric/thesis/Chapters/Chapter_Wavelets.tex [38]
Chapter 4.
------------------------------------------------------------------------------
 4 Wavelet Transformation
------------------------------------------------------------------------------
[39

] (/home/eric/thesis/tikz_figures/wavelet_trafo_sketch.tikz) [40] [41] [42] [43] [44] [45] [46] [47] [48] [49] (/home/eric/thesis/tikz_figures/dwt_scheme.tikz
Overfull \hbox (44.29965pt too wide) in paragraph at lines 51--54
[][] 
 []

) [50] [51]
Overfull \hbox (12.89821pt too wide) in paragraph at lines 496--499
\OT1/cmr/m/n/10.95 are also dif-fer-ent wavelet de-nois-ing schemas based on thresh-old-ing, such as \OT1/cmr/m/it/10.95 soft-thresholding\OT1/cmr/m/n/10.95 ,
 []


Underfull \hbox (badness 10000) in paragraph at lines 503--505

 []


Underfull \hbox (badness 10000) in paragraph at lines 530--531

 []

) (/home/eric/thesis/Chapters/Chapter_training_algo.tex [52]
Chapter 5.
------------------------------------------------------------------------------
 5 Datasets, Training and Evaluation
------------------------------------------------------------------------------
[53

] [54]
<Images/high_freq_issues.png, id=1220, 1204.5pt x 803.0pt>
File: Images/high_freq_issues.png Graphic file (type png)
<use Images/high_freq_issues.png>
Package pdftex.def Info: Images/high_freq_issues.png  used on input line 97.
(pdftex.def)             Requested size: 417.47307pt x 278.32184pt.
<Images/min_conv_noise.png, id=1221, 1204.5pt x 803.0pt>
File: Images/min_conv_noise.png Graphic file (type png)
<use Images/min_conv_noise.png>
Package pdftex.def Info: Images/min_conv_noise.png  used on input line 105.
(pdftex.def)             Requested size: 417.47307pt x 278.32184pt.

Underfull \hbox (badness 10000) in paragraph at lines 119--122

 []


Underfull \hbox (badness 10000) in paragraph at lines 140--141

 []

[55] [56 </home/eric/thesis/Images/high_freq_issues.png> </home/eric/thesis/Images/min_conv_noise.png>]
Overfull \hbox (3.24055pt too wide) in paragraph at lines 158--162
\OT1/cmr/m/n/10.95 The gen-eral idea of this mea-sure was in-tro-duced in [[]]. Given an ob-served $\OML/cmm/m/it/10.95 N$\OT1/cmr/m/n/10.95 -dimensional
 []

[57] [58] [59]
<Images/lorenz_system.png, id=1276, 1606.0pt x 602.25pt>
File: Images/lorenz_system.png Graphic file (type png)
<use Images/lorenz_system.png>
Package pdftex.def Info: Images/lorenz_system.png  used on input line 260.
(pdftex.def)             Requested size: 417.47307pt x 156.55373pt.
 [60]
<Images/fmri_example_traj.png, id=1290, 1606.0pt x 1204.5pt>
File: Images/fmri_example_traj.png Graphic file (type png)
<use Images/fmri_example_traj.png>
Package pdftex.def Info: Images/fmri_example_traj.png  used on input line 280.
(pdftex.def)             Requested size: 417.47307pt x 313.10748pt.
 [61 </home/eric/thesis/Images/lorenz_system.png>] [62 </home/eric/thesis/Images/fmri_example_traj.png>]
<Images/lorenz_conv.png, id=1305, 1505.625pt x 803.0pt>
File: Images/lorenz_conv.png Graphic file (type png)
<use Images/lorenz_conv.png>
Package pdftex.def Info: Images/lorenz_conv.png  used on input line 315.
(pdftex.def)             Requested size: 417.47307pt x 222.64522pt.
 [63 </home/eric/thesis/Images/lorenz_conv.png>]
<Images/lorenz_conv_noise.png, id=1314, 1505.625pt x 803.0pt>
File: Images/lorenz_conv_noise.png Graphic file (type png)
<use Images/lorenz_conv_noise.png>
Package pdftex.def Info: Images/lorenz_conv_noise.png  used on input line 344.
(pdftex.def)             Requested size: 417.47307pt x 222.64522pt.
 [64 </home/eric/thesis/Images/lorenz_conv_noise.png>]
<Images/high_var_patient_pe_comparison.png, id=1325, 9636.0pt x 3212.0pt>
File: Images/high_var_patient_pe_comparison.png Graphic file (type png)
<use Images/high_var_patient_pe_comparison.png>
Package pdftex.def Info: Images/high_var_patient_pe_comparison.png  used on input line 357.
(pdftex.def)             Requested size: 417.47307pt x 139.14253pt.
 [65 </home/eric/thesis/Images/high_var_patient_pe_comparison.png>]
<Images/example_sma_smv.png, id=1333, 1166.07645pt x 426.44463pt>
File: Images/example_sma_smv.png Graphic file (type png)
<use Images/example_sma_smv.png>
Package pdftex.def Info: Images/example_sma_smv.png  used on input line 387.
(pdftex.def)             Requested size: 417.47307pt x 152.67403pt.
<Images/smv_cor_histo.png, id=1336, 3613.5pt x 2409.0pt>
File: Images/smv_cor_histo.png Graphic file (type png)
<use Images/smv_cor_histo.png>
Package pdftex.def Info: Images/smv_cor_histo.png  used on input line 397.
(pdftex.def)             Requested size: 417.47307pt x 278.29733pt.
 [66 </home/eric/thesis/Images/example_sma_smv.png>] [67 </home/eric/thesis/Images/smv_cor_histo.png>]
<Images/dstsp_comp.png, id=1353, 12045.0pt x 4818.0pt>
File: Images/dstsp_comp.png Graphic file (type png)
<use Images/dstsp_comp.png>
Package pdftex.def Info: Images/dstsp_comp.png  used on input line 425.
(pdftex.def)             Requested size: 417.47307pt x 166.95634pt.
<Images/power_spectrum_sigma_comp.png, id=1355, 12045.0pt x 4818.0pt>
File: Images/power_spectrum_sigma_comp.png Graphic file (type png)
<use Images/power_spectrum_sigma_comp.png>
Package pdftex.def Info: Images/power_spectrum_sigma_comp.png  used on input line 441.
(pdftex.def)             Requested size: 417.47307pt x 166.95634pt.
 [68 </home/eric/thesis/Images/dstsp_comp.png>]) (/home/eric/thesis/Chapters/Chapter_Results.tex [69 </home/eric/thesis/Images/power_spectrum_sigma_comp.png>]
Chapter 6.
------------------------------------------------------------------------------
 6 Results
------------------------------------------------------------------------------
<Images/Comparison_D_stsp_noiseless.png, id=1373, 874.37666pt x 596.9502pt>
File: Images/Comparison_D_stsp_noiseless.png Graphic file (type png)
<use Images/Comparison_D_stsp_noiseless.png>
Package pdftex.def Info: Images/Comparison_D_stsp_noiseless.png  used on input line 21.
(pdftex.def)             Requested size: 417.47307pt x 285.0208pt.
<Images/Comparison_D_PSE_noiseless.png, id=1374, 874.37666pt x 596.9502pt>
File: Images/Comparison_D_PSE_noiseless.png Graphic file (type png)
<use Images/Comparison_D_PSE_noiseless.png>
Package pdftex.def Info: Images/Comparison_D_PSE_noiseless.png  used on input line 28.
(pdftex.def)             Requested size: 417.47307pt x 285.0208pt.
(/home/eric/thesis/Tables/noiseless_comp_table.tex)
<Images/training_epochs/traj_gen_3d_125.png, id=1375, 602.25pt x 401.5pt>
File: Images/training_epochs/traj_gen_3d_125.png Graphic file (type png)
<use Images/training_epochs/traj_gen_3d_125.png>
Package pdftex.def Info: Images/training_epochs/traj_gen_3d_125.png  used on input line 40.
(pdftex.def)             Requested size: 100.19582pt x 66.796pt.
<Images/training_epochs/traj_gen_3d_150.png, id=1376, 602.25pt x 401.5pt>
File: Images/training_epochs/traj_gen_3d_150.png Graphic file (type png)
<use Images/training_epochs/traj_gen_3d_150.png>
Package pdftex.def Info: Images/training_epochs/traj_gen_3d_150.png  used on input line 46.
(pdftex.def)             Requested size: 100.19582pt x 66.796pt.
<Images/training_epochs/traj_gen_3d_175.png, id=1377, 602.25pt x 401.5pt>
File: Images/training_epochs/traj_gen_3d_175.png Graphic file (type png)
<use Images/training_epochs/traj_gen_3d_175.png>
Package pdftex.def Info: Images/training_epochs/traj_gen_3d_175.png  used on input line 51.
(pdftex.def)             Requested size: 100.19582pt x 66.796pt.
<Images/training_epochs/traj_gen_3d_200.png, id=1378, 602.25pt x 401.5pt>
File: Images/training_epochs/traj_gen_3d_200.png Graphic file (type png)
<use Images/training_epochs/traj_gen_3d_200.png>
Package pdftex.def Info: Images/training_epochs/traj_gen_3d_200.png  used on input line 56.
(pdftex.def)             Requested size: 100.19582pt x 66.796pt.
 [70

] [71 </home/eric/thesis/Images/Comparison_D_stsp_noiseless.png> </home/eric/thesis/Images/Comparison_D_PSE_noiseless.png>]
<Images/Comparison_hrf_0_5_noisy.png, id=1392, 874.37666pt x 596.9502pt>
File: Images/Comparison_hrf_0_5_noisy.png Graphic file (type png)
<use Images/Comparison_hrf_0_5_noisy.png>
Package pdftex.def Info: Images/Comparison_hrf_0_5_noisy.png  used on input line 79.
(pdftex.def)             Requested size: 417.47307pt x 285.0208pt.
 (/home/eric/thesis/Tables/noisy_comp_table.tex
Overfull \hbox (21.73978pt too wide) in paragraph at lines 4--22
[][] 
 []

) [72 </home/eric/thesis/Images/training_epochs/traj_gen_3d_125.png> </home/eric/thesis/Images/training_epochs/traj_gen_3d_150.png> </home/eric/thesis/Images/training_epochs/traj_gen_3d_175.png> </home/eric/thesis/Images/training_epochs/traj_gen_3d_200.png>] [73 </home/eric/thesis/Images/Comparison_hrf_0_5_noisy.png>] (/home/eric/thesis/Tables/gridsearch_ldim_table.tex
Overfull \hbox (35.7776pt too wide) in paragraph at lines 5--21
 [][] 
 []

)
<Images/grid_seach_latent_dimension.png, id=1406, 11240.99625pt x 12848.0pt>
File: Images/grid_seach_latent_dimension.png Graphic file (type png)
<use Images/grid_seach_latent_dimension.png>
Package pdftex.def Info: Images/grid_seach_latent_dimension.png  used on input line 104.
(pdftex.def)             Requested size: 417.47307pt x 476.97614pt.
 (/home/eric/thesis/Tables/gridsearch_alpha_table.tex
Overfull \hbox (55.2443pt too wide) in paragraph at lines 5--29
 [][] 
 []

)
<Images/grid_search_tf_alpha.png, id=1407, 11240.99625pt x 12848.0pt>
File: Images/grid_search_tf_alpha.png Graphic file (type png)
<use Images/grid_search_tf_alpha.png>
Package pdftex.def Info: Images/grid_search_tf_alpha.png  used on input line 114.
(pdftex.def)             Requested size: 417.47307pt x 476.97614pt.
 [74] [75 </home/eric/thesis/Images/grid_seach_latent_dimension.png>] [76 </home/eric/thesis/Images/grid_search_tf_alpha.png>] (/home/eric/thesis/Tables/main_run_results.tex)
<Images/histograms_metrics_main_run.png, id=1425, 9636.0pt x 6424.0pt>
File: Images/histograms_metrics_main_run.png Graphic file (type png)
<use Images/histograms_metrics_main_run.png>
Package pdftex.def Info: Images/histograms_metrics_main_run.png  used on input line 132.
(pdftex.def)             Requested size: 417.47307pt x 278.28508pt.
 [77] (/home/eric/thesis/Tables/wilcoxon_test_metrics_train_test.tex)
<Images/ds_recontruction_example.png, id=1437, 16060.0pt x 9636.0pt>
File: Images/ds_recontruction_example.png Graphic file (type png)
<use Images/ds_recontruction_example.png>
Package pdftex.def Info: Images/ds_recontruction_example.png  used on input line 153.
(pdftex.def)             Requested size: 417.47307pt x 250.39777pt.
<Images/pca_traj_reconstruction.png, id=1438, 6422.99625pt x 6424.0pt>
File: Images/pca_traj_reconstruction.png Graphic file (type png)
<use Images/pca_traj_reconstruction.png>
Package pdftex.def Info: Images/pca_traj_reconstruction.png  used on input line 161.
(pdftex.def)             Requested size: 417.47307pt x 417.47664pt.
 [78 </home/eric/thesis/Images/histograms_metrics_main_run.png>]
<Images/metric_trajectory_comparison.png, id=1446, 16060.0pt x 9636.0pt>
File: Images/metric_trajectory_comparison.png Graphic file (type png)
<use Images/metric_trajectory_comparison.png>
Package pdftex.def Info: Images/metric_trajectory_comparison.png  used on input line 173.
(pdftex.def)             Requested size: 417.47307pt x 250.39777pt.
 [79 </home/eric/thesis/Images/ds_recontruction_example.png>] [80 </home/eric/thesis/Images/pca_traj_reconstruction.png>] [81 </home/eric/thesis/Images/metric_trajectory_comparison.png>]
<Images/max_le_of_patients.png, id=1465, 12848.0pt x 3212.0pt>
File: Images/max_le_of_patients.png Graphic file (type png)
<use Images/max_le_of_patients.png>
Package pdftex.def Info: Images/max_le_of_patients.png  used on input line 196.
(pdftex.def)             Requested size: 417.47307pt x 104.34465pt.
<Images/pos_neg_le_comparison.png, id=1469, 1606.0pt x 803.0pt>
File: Images/pos_neg_le_comparison.png Graphic file (type png)
<use Images/pos_neg_le_comparison.png>
Package pdftex.def Info: Images/pos_neg_le_comparison.png  used on input line 210.
(pdftex.def)             Requested size: 417.47307pt x 208.73831pt.
<Images/oscillator_neg_le.png, id=1470, 9636.0pt x 4015.0pt>
File: Images/oscillator_neg_le.png Graphic file (type png)
<use Images/oscillator_neg_le.png>
Package pdftex.def Info: Images/oscillator_neg_le.png  used on input line 218.
(pdftex.def)             Requested size: 417.47307pt x 173.92818pt.
 [82

 </home/eric/thesis/Images/max_le_of_patients.png> </home/eric/thesis/Images/pos_neg_le_comparison.png>]
<Images/w_matrix_mean_std.png, id=1476, 12848.0pt x 6424.0pt>
File: Images/w_matrix_mean_std.png Graphic file (type png)
<use Images/w_matrix_mean_std.png>
Package pdftex.def Info: Images/w_matrix_mean_std.png  used on input line 238.
(pdftex.def)             Requested size: 417.47307pt x 208.6893pt.
 [83 </home/eric/thesis/Images/oscillator_neg_le.png>] [84 </home/eric/thesis/Images/w_matrix_mean_std.png>]
<Images/corr_matrix_max_le.png, id=1496, 9636.0pt x 9636.0pt>
File: Images/corr_matrix_max_le.png Graphic file (type png)
<use Images/corr_matrix_max_le.png>
Package pdftex.def Info: Images/corr_matrix_max_le.png  used on input line 283.
(pdftex.def)             Requested size: 200.38528pt x 200.2594pt.
<Images/corr_matrix_max_le_filtered.png, id=1497, 9636.0pt x 9636.0pt>
File: Images/corr_matrix_max_le_filtered.png Graphic file (type png)
<use Images/corr_matrix_max_le_filtered.png>
Package pdftex.def Info: Images/corr_matrix_max_le_filtered.png  used on input line 291.
(pdftex.def)             Requested size: 200.38528pt x 200.2594pt.
<Images/corr_matrix_w_spec_norm.png, id=1498, 14454.0pt x 4818.0pt>
File: Images/corr_matrix_w_spec_norm.png Graphic file (type png)
<use Images/corr_matrix_w_spec_norm.png>
Package pdftex.def Info: Images/corr_matrix_w_spec_norm.png  used on input line 302.
(pdftex.def)             Requested size: 417.47307pt x 139.09352pt.
<Images/corr_matrix_spec_norms_filtered.png, id=1499, 14454.0pt x 4818.0pt>
File: Images/corr_matrix_spec_norms_filtered.png Graphic file (type png)
<use Images/corr_matrix_spec_norms_filtered.png>
Package pdftex.def Info: Images/corr_matrix_spec_norms_filtered.png  used on input line 310.
(pdftex.def)             Requested size: 417.47307pt x 139.09352pt.
 [85 </home/eric/thesis/Images/corr_matrix_max_le.png> </home/eric/thesis/Images/corr_matrix_max_le_filtered.png>] (/home/eric/thesis/Tables/mean_le_personality_cor_table.tex) (/home/eric/thesis/Tables/mean_le_filtered_personality_cor_table.tex)) (/home/eric/thesis/Chapters/Chapter_Discussion.tex [86 </home/eric/thesis/Images/corr_matrix_w_spec_norm.png> </home/eric/thesis/Images/corr_matrix_spec_norms_filtered.png>] [87]
Chapter 7.
------------------------------------------------------------------------------
 7 Discussion and Outlook
------------------------------------------------------------------------------

Overfull \hbox (3.12791pt too wide) in paragraph at lines 12--16
[]\OT1/cmr/m/n/10.95 To bench-mark this new method I cre-ated ar-ti-fi-cial bench-mark datasets us-ing the Lorenz63
 []

[88

] [89] [90]) (/home/eric/thesis/Appendices/AppendixA.tex [91]
Appendix A.
------------------------------------------------------------------------------
 A Appendix
------------------------------------------------------------------------------
[92

] (/home/eric/thesis/Tables/args_lorenz_runs.tex) (/home/eric/thesis/Tables/args_lemon_runs.tex)) [93] [94] [95]
------------------------------------------------------------------------------
 Bibliography
------------------------------------------------------------------------------
(/home/eric/thesis/Thesis.bbl [96


] [97]
Underfull \hbox (badness 10000) in paragraph at lines 223--228
\OT1/cmtt/m/n/10.95 uni-[]passau . de / fileadmin / dokumente / fakultaeten / fim / lehrstuhl / sauer /
 []

[98] [99]
Underfull \hbox (badness 4036) in paragraph at lines 359--363
\OT1/cmr/m/n/10.95 forc-ing for re-con-struct-ing non-lin-ear dy-nam-i-cal sys-tems.  \OT1/cmr/m/it/10.95 arXiv preprint
 []

) (/home/eric/thesis/Chapters/declaration.tex [100]
<Images/unterschrift.jpg, id=1622, 244.66406pt x 56.46094pt>
File: Images/unterschrift.jpg Graphic file (type jpg)
<use Images/unterschrift.jpg>
Package pdftex.def Info: Images/unterschrift.jpg  used on input line 9.
(pdftex.def)             Requested size: 142.35696pt x 32.85008pt.
) [101

 </home/eric/thesis/Images/unterschrift.JPG>]
Package atveryend Info: Empty hook `BeforeClearDocument' on input line 282.
Package atveryend Info: Empty hook `AfterLastShipout' on input line 282.
 (/home/eric/thesis/Thesis.aux)
Package atveryend Info: Executing hook `AtVeryEndDocument' on input line 282.
Package atveryend Info: Executing hook `AtEndAfterFileList' on input line 282.
Package rerunfilecheck Info: File `Thesis.out' has not changed.
(rerunfilecheck)             Checksum: B872190DB0C910D3FFDCF65C24755FFD;17211.
Package atveryend Info: Empty hook `AtVeryVeryEnd' on input line 282.
 ) 
Here is how much of TeX's memory you used:
 31257 strings out of 481239
 550208 string characters out of 5920377
 892788 words of memory out of 5000000
 45227 multiletter control sequences out of 15000+600000
 553488 words of font info for 109 fonts, out of 8000000 for 9000
 1141 hyphenation exceptions out of 8191
 60i,13n,81p,985b,1316s stack positions out of 5000i,500n,10000p,200000b,80000s
{/usr/share/texmf/fonts/enc/dvips/cm-super/cm-super-ts1.enc}</usr/share/texlive/texmf-dist/fonts/type1/public/bbold-type1/bbold10.pfb></usr/share/texlive/texmf-dist/fonts/type1/public/bbold-type1/bbold5.pfb></usr/share/texlive/texmf-dist/fonts/type1/public/bbold-type1/bbold7.pfb></usr/share/texlive/texmf-dist/fonts/type1/public/amsfonts/cm/cmbx10.pfb></usr/share/texlive/texmf-dist/fonts/type1/public/amsfonts/cm/cmbx12.pfb></usr/share/texlive/texmf-dist/fonts/type1/public/amsfonts/cm/cmbx8.pfb></usr/share/texlive/texmf-dist/fonts/type1/public/amsfonts/cm/cmbx9.pfb></usr/share/texlive/texmf-dist/fonts/type1/public/amsfonts/cm/cmcsc10.pfb></usr/share/texlive/texmf-dist/fonts/type1/public/amsfonts/cm/cmex10.pfb></usr/share/texlive/texmf-dist/fonts/type1/public/amsfonts/cm/cmmi10.pfb></usr/share/texlive/texmf-dist/fonts/type1/public/amsfonts/cm/cmmi12.pfb></usr/share/texlive/texmf-dist/fonts/type1/public/amsfonts/cm/cmmi5.pfb></usr/share/texlive/texmf-dist/fonts/type1/public/amsfonts/cm/cmmi6.pfb></usr/share/texlive/texmf-dist/fonts/type1/public/amsfonts/cm/cmmi7.pfb></usr/share/texlive/texmf-dist/fonts/type1/public/amsfonts/cm/cmmi8.pfb></usr/share/texlive/texmf-dist/fonts/type1/public/amsfonts/cm/cmmi9.pfb></usr/share/texlive/texmf-dist/fonts/type1/public/amsfonts/cm/cmmib10.pfb></usr/share/texlive/texmf-dist/fonts/type1/public/amsfonts/cm/cmr10.pfb></usr/share/texlive/texmf-dist/fonts/type1/public/amsfonts/cm/cmr5.pfb></usr/share/texlive/texmf-dist/fonts/type1/public/amsfonts/cm/cmr6.pfb></usr/share/texlive/texmf-dist/fonts/type1/public/amsfonts/cm/cmr7.pfb></usr/share/texlive/texmf-dist/fonts/type1/public/amsfonts/cm/cmr8.pfb></usr/share/texlive/texmf-dist/fonts/type1/public/amsfonts/cm/cmr9.pfb></usr/share/texlive/texmf-dist/fonts/type1/public/amsfonts/cm/cmsy10.pfb></usr/share/texlive/texmf-dist/fonts/type1/public/amsfonts/cm/cmsy5.pfb></usr/share/texlive/texmf-dist/fonts/type1/public/amsfonts/cm/cmsy6.pfb></usr/share/texlive/texmf-dist/fonts/type1/public/amsfonts/cm/cmsy7.pfb></usr/share/texlive/texmf-dist/fonts/type1/public/amsfonts/cm/cmsy8.pfb></usr/share/texlive/texmf-dist/fonts/type1/public/amsfonts/cm/cmti10.pfb></usr/share/texlive/texmf-dist/fonts/type1/public/amsfonts/cm/cmtt10.pfb></usr/share/texlive/texmf-dist/fonts/type1/public/amsfonts/symbols/msbm10.pfb></usr/share/texlive/texmf-dist/fonts/type1/public/rsfs/rsfs10.pfb></usr/share/texmf/fonts/type1/public/cm-super/sfrm1095.pfb>
Output written on /home/eric/thesis/Thesis.pdf (112 pages, 43143669 bytes).
PDF statistics:
 1854 PDF objects out of 2073 (max. 8388607)
 1652 compressed objects within 17 object streams
 562 named destinations out of 1000 (max. 500000)
 799 words of extra memory for PDF output out of 10000 (max. 10000000)

