\BOOKMARK [0][-]{dummy.2}{\376\377\000L\000i\000s\000t\000\040\000o\000f\000\040\000F\000i\000g\000u\000r\000e\000s}{}% 1
\BOOKMARK [0][-]{dummy.4}{\376\377\000L\000i\000s\000t\000\040\000o\000f\000\040\000T\000a\000b\000l\000e\000s}{}% 2
\BOOKMARK [0][-]{chapter.6}{\376\377\0001\000\040\000D\000y\000n\000a\000m\000i\000c\000a\000l\000\040\000S\000y\000s\000t\000e\000m\000s}{}% 3
\BOOKMARK [1][-]{section.7}{\376\377\0001\000.\0001\000\040\000I\000n\000t\000r\000o\000d\000u\000c\000t\000i\000o\000n\000\040\000t\000o\000\040\000D\000y\000n\000a\000m\000i\000c\000a\000l\000\040\000S\000y\000s\000t\000e\000m\000s}{chapter.6}% 4
\BOOKMARK [2][-]{subsection.12}{\376\377\0001\000.\0001\000.\0001\000\040\000C\000o\000n\000t\000i\000n\000u\000o\000u\000s\000\040\000D\000y\000n\000a\000m\000i\000c\000a\000l\000\040\000S\000y\000s\000t\000e\000m\000s}{section.7}% 5
\BOOKMARK [2][-]{subsection.34}{\376\377\0001\000.\0001\000.\0002\000\040\000S\000t\000a\000b\000i\000l\000i\000t\000y\000\040\000o\000f\000\040\000F\000i\000x\000e\000d\000\040\000p\000o\000i\000n\000t\000s}{section.7}% 6
\BOOKMARK [2][-]{subsection.41}{\376\377\0001\000.\0001\000.\0003\000\040\000D\000i\000f\000f\000e\000r\000e\000n\000c\000e\000\040\000E\000q\000u\000a\000t\000i\000o\000n\000s\000\040\000a\000s\000\040\000D\000y\000n\000a\000m\000i\000c\000a\000l\000\040\000S\000y\000s\000t\000e\000m\000s}{section.7}% 7
\BOOKMARK [1][-]{section.50}{\376\377\0001\000.\0002\000\040\000L\000y\000a\000p\000u\000n\000o\000v\000\040\000E\000x\000p\000o\000n\000e\000n\000t\000s}{chapter.6}% 8
\BOOKMARK [0][-]{chapter.65}{\376\377\0002\000\040\000R\000e\000c\000u\000r\000r\000e\000n\000t\000\040\000N\000e\000u\000r\000a\000l\000\040\000N\000e\000t\000w\000o\000r\000k\000s}{}% 9
\BOOKMARK [1][-]{section.66}{\376\377\0002\000.\0001\000\040\000I\000n\000t\000r\000o\000d\000u\000c\000t\000i\000o\000n\000\040\000t\000o\000\040\000R\000e\000c\000u\000r\000r\000e\000n\000t\000\040\000N\000e\000u\000r\000a\000l\000\040\000N\000e\000t\000w\000o\000r\000k\000s}{chapter.65}% 10
\BOOKMARK [1][-]{section.68}{\376\377\0002\000.\0002\000\040\000U\000n\000f\000o\000l\000d\000i\000n\000g\000\040\000t\000h\000e\000\040\000C\000o\000m\000p\000u\000t\000a\000t\000i\000o\000n\000a\000l\000\040\000G\000r\000a\000p\000h}{chapter.65}% 11
\BOOKMARK [1][-]{section.77}{\376\377\0002\000.\0003\000\040\000B\000a\000c\000k\000p\000r\000o\000p\000a\000g\000a\000t\000i\000o\000n\000\040\000t\000h\000r\000o\000u\000g\000h\000\040\000t\000i\000m\000e}{chapter.65}% 12
\BOOKMARK [1][-]{section.81}{\376\377\0002\000.\0004\000\040\000E\000x\000p\000l\000o\000d\000i\000n\000g\000\040\000a\000n\000d\000\040\000v\000a\000n\000i\000s\000h\000i\000n\000g\000\040\000g\000r\000a\000d\000i\000e\000n\000t\000s}{chapter.65}% 13
\BOOKMARK [1][-]{section.87}{\376\377\0002\000.\0005\000\040\000D\000e\000a\000l\000i\000n\000g\000\040\000w\000i\000t\000h\000\040\000t\000h\000e\000\040\000e\000x\000p\000l\000o\000d\000i\000n\000g\000\040\000a\000n\000d\000\040\000v\000a\000n\000i\000s\000h\000i\000n\000g\000\040\000g\000r\000a\000d\000i\000e\000n\000t}{chapter.65}% 14
\BOOKMARK [2][-]{subsection.88}{\376\377\0002\000.\0005\000.\0001\000\040\000\040\000L\000g\000\040\000a\000n\000d\000\040\000\040\000L\000g\000\040\000R\000e\000g\000u\000l\000a\000r\000i\000z\000a\000t\000i\000o\000n}{section.87}% 15
\BOOKMARK [2][-]{subsection.89}{\376\377\0002\000.\0005\000.\0002\000\040\000A\000l\000t\000e\000r\000n\000a\000t\000i\000v\000e\000\040\000a\000r\000c\000h\000i\000t\000e\000c\000t\000u\000r\000e\000s}{section.87}% 16
\BOOKMARK [2][-]{subsection.90}{\376\377\0002\000.\0005\000.\0003\000\040\000G\000r\000a\000d\000i\000e\000n\000t\000\040\000C\000l\000i\000p\000p\000i\000n\000g}{section.87}% 17
\BOOKMARK [2][-]{subsection.92}{\376\377\0002\000.\0005\000.\0004\000\040\000S\000m\000a\000r\000t\000\040\000I\000n\000i\000t\000i\000a\000l\000i\000z\000a\000t\000i\000o\000n}{section.87}% 18
\BOOKMARK [1][-]{section.93}{\376\377\0002\000.\0006\000\040\000T\000e\000a\000c\000h\000e\000r\000\040\000F\000o\000r\000c\000i\000n\000g}{chapter.65}% 19
\BOOKMARK [1][-]{section.99}{\376\377\0002\000.\0007\000\040\000P\000i\000e\000c\000e\000w\000i\000s\000e\000\040\000L\000i\000n\000e\000a\000r\000\040\000R\000e\000c\000u\000r\000r\000e\000n\000t\000\040\000N\000e\000u\000r\000a\000l\000\040\000N\000e\000t\000w\000o\000r\000k\000\040\000\050\000P\000L\000R\000N\000N\000\051}{chapter.65}% 20
\BOOKMARK [1][-]{section.102}{\376\377\0002\000.\0008\000\040\000P\000L\000R\000N\000N\000\040\000e\000x\000t\000e\000n\000s\000i\000o\000n\000s}{chapter.65}% 21
\BOOKMARK [1][-]{section.106}{\376\377\0002\000.\0009\000\040\000L\000i\000n\000e\000a\000r\000\040\000O\000b\000s\000e\000r\000v\000a\000t\000i\000o\000n\000\040\000m\000o\000d\000e\000l}{chapter.65}% 22
\BOOKMARK [1][-]{section.108}{\376\377\0002\000.\0001\0000\000\040\000I\000d\000e\000n\000t\000i\000t\000y\000\040\000T\000e\000a\000c\000h\000e\000r\000\040\000F\000o\000r\000c\000i\000n\000g}{chapter.65}% 23
\BOOKMARK [1][-]{section.113}{\376\377\0002\000.\0001\0001\000\040\000I\000n\000v\000e\000r\000s\000i\000o\000n\000\040\000T\000e\000a\000c\000h\000e\000r\000\040\000F\000o\000r\000c\000i\000n\000g}{chapter.65}% 24
\BOOKMARK [1][-]{section.116}{\376\377\0002\000.\0001\0002\000\040\000B\000O\000L\000D\000\040\000o\000b\000s\000e\000r\000v\000a\000t\000i\000o\000n\000\040\000m\000o\000d\000e\000l}{chapter.65}% 25
\BOOKMARK [2][-]{subsection.117}{\376\377\0002\000.\0001\0002\000.\0001\000\040\000P\000h\000y\000s\000i\000c\000a\000l\000\040\000p\000r\000i\000n\000c\000i\000p\000a\000l\000s\000\040\000o\000f\000\040\000f\000M\000R\000I}{section.116}% 26
\BOOKMARK [2][-]{subsection.118}{\376\377\0002\000.\0001\0002\000.\0002\000\040\000M\000o\000d\000e\000l\000l\000i\000n\000g\000\040\000t\000h\000e\000\040\000H\000e\000m\000o\000d\000y\000n\000a\000m\000i\000c\000\040\000R\000e\000s\000p\000o\000n\000s\000e}{section.116}% 27
\BOOKMARK [2][-]{subsection.122}{\376\377\0002\000.\0001\0002\000.\0003\000\040\000D\000e\000f\000i\000n\000i\000n\000g\000\040\000t\000h\000e\000\040\000B\000O\000L\000D\000\040\000o\000b\000s\000e\000r\000v\000a\000t\000i\000o\000n\000\040\000e\000q\000u\000a\000t\000i\000o\000n}{section.116}% 28
\BOOKMARK [0][-]{chapter.124}{\376\377\0003\000\040\000F\000o\000u\000r\000i\000e\000r\000\040\000T\000r\000a\000n\000s\000f\000o\000r\000m}{}% 29
\BOOKMARK [1][-]{section.125}{\376\377\0003\000.\0001\000\040\000C\000o\000n\000t\000i\000n\000u\000o\000u\000s\000\040\000F\000o\000u\000r\000i\000e\000r\000\040\000T\000r\000a\000n\000s\000f\000o\000r\000m}{chapter.124}% 30
\BOOKMARK [1][-]{section.135}{\376\377\0003\000.\0002\000\040\000D\000i\000s\000c\000r\000e\000t\000e\000\040\000F\000o\000u\000r\000i\000e\000r\000\040\000T\000r\000a\000n\000s\000f\000o\000r\000m}{chapter.124}% 31
\BOOKMARK [2][-]{subsection.140}{\376\377\0003\000.\0002\000.\0001\000\040\000U\000n\000i\000t\000a\000r\000y\000\040\000D\000F\000T}{section.135}% 32
\BOOKMARK [1][-]{section.145}{\376\377\0003\000.\0003\000\040\000F\000a\000s\000t\000\040\000F\000o\000u\000r\000i\000e\000r\000\040\000T\000r\000a\000n\000s\000f\000o\000r\000m}{chapter.124}% 33
\BOOKMARK [2][-]{subsection.146}{\376\377\0003\000.\0003\000.\0001\000\040\000C\000o\000o\000l\000e\000y\040\023\000T\000u\000k\000e\000y\000\040\000F\000F\000T\000\040\000a\000l\000g\000o\000r\000i\000t\000h\000m}{section.145}% 34
\BOOKMARK [1][-]{section.156}{\376\377\0003\000.\0004\000\040\000C\000o\000n\000v\000o\000l\000u\000t\000i\000o\000n\000\040\000a\000n\000d\000\040\000t\000h\000e\000\040\000C\000o\000n\000v\000o\000l\000u\000t\000i\000o\000n\000a\000l\000\040\000T\000h\000e\000o\000r\000e\000m}{chapter.124}% 35
\BOOKMARK [1][-]{section.172}{\376\377\0003\000.\0005\000\040\000D\000e\000c\000o\000n\000v\000o\000l\000u\000t\000i\000o\000n}{chapter.124}% 36
\BOOKMARK [2][-]{subsection.178}{\376\377\0003\000.\0005\000.\0001\000\040\000W\000i\000e\000n\000e\000r\000\040\000D\000e\000c\000o\000n\000v\000o\000l\000u\000t\000i\000o\000n}{section.172}% 37
\BOOKMARK [0][-]{chapter.183}{\376\377\0004\000\040\000W\000a\000v\000e\000l\000e\000t\000\040\000T\000r\000a\000n\000s\000f\000o\000r\000m\000a\000t\000i\000o\000n}{}% 38
\BOOKMARK [1][-]{section.184}{\376\377\0004\000.\0001\000\040\000C\000o\000n\000t\000i\000n\000u\000o\000u\000s\000\040\000W\000a\000v\000e\000l\000e\000t\000\040\000T\000r\000a\000n\000s\000f\000o\000r\000m\000a\000t\000i\000o\000n}{chapter.183}% 39
\BOOKMARK [1][-]{section.223}{\376\377\0004\000.\0002\000\040\000D\000i\000s\000c\000r\000e\000t\000e\000\040\000W\000a\000v\000e\000l\000e\000t\000\040\000T\000r\000a\000n\000s\000f\000o\000r\000m\000a\000t\000i\000o\000n}{chapter.183}% 40
\BOOKMARK [2][-]{subsection.224}{\376\377\0004\000.\0002\000.\0001\000\040\000F\000r\000a\000m\000e\000s\000\040\000a\000n\000d\000\040\000o\000r\000t\000h\000o\000g\000o\000n\000a\000l\000\040\000w\000a\000v\000e\000l\000e\000t\000\040\000b\000a\000s\000i\000s}{section.223}% 41
\BOOKMARK [2][-]{subsection.233}{\376\377\0004\000.\0002\000.\0002\000\040\000T\000h\000e\000\040\000s\000c\000a\000l\000i\000n\000g\000\040\000f\000u\000n\000c\000t\000i\000o\000n}{section.223}% 42
\BOOKMARK [2][-]{subsection.242}{\376\377\0004\000.\0002\000.\0003\000\040\000T\000h\000e\000\040\000s\000c\000a\000l\000i\000n\000g\000\040\000e\000q\000u\000a\000t\000i\000o\000n}{section.223}% 43
\BOOKMARK [2][-]{subsection.251}{\376\377\0004\000.\0002\000.\0004\000\040\000T\000h\000e\000\040\000f\000a\000s\000t\000\040\000w\000a\000v\000e\000l\000e\000t\000\040\000t\000r\000a\000n\000s\000f\000o\000r\000m}{section.223}% 44
\BOOKMARK [2][-]{subsection.258}{\376\377\0004\000.\0002\000.\0005\000\040\000N\000o\000i\000s\000e\000\040\000e\000s\000t\000i\000m\000a\000t\000i\000o\000n\000\040\000a\000n\000d\000\040\000D\000e\000n\000o\000i\000s\000i\000n\000g}{section.223}% 45
\BOOKMARK [0][-]{chapter.271}{\376\377\0005\000\040\000D\000a\000t\000a\000s\000e\000t\000s\000,\000\040\000T\000r\000a\000i\000n\000i\000n\000g\000\040\000a\000n\000d\000\040\000E\000v\000a\000l\000u\000a\000t\000i\000o\000n}{}% 46
\BOOKMARK [1][-]{section.272}{\376\377\0005\000.\0001\000\040\000B\000O\000L\000D\000\040\000i\000n\000v\000e\000r\000s\000i\000o\000n\000\040\000t\000e\000a\000c\000h\000e\000r\000\040\000f\000o\000r\000c\000i\000n\000g}{chapter.271}% 47
\BOOKMARK [2][-]{subsection.283}{\376\377\0005\000.\0001\000.\0001\000\040\000B\000o\000u\000n\000d\000a\000r\000y\000\040\000i\000s\000s\000u\000e\000s\000\040\000a\000n\000d\000\040\000m\000i\000n\000i\000m\000u\000m\000\040\000n\000o\000i\000s\000e\000\040\000l\000e\000v\000e\000l}{section.272}% 48
\BOOKMARK [1][-]{section.293}{\376\377\0005\000.\0002\000\040\000E\000v\000a\000l\000u\000a\000t\000i\000o\000n\000\040\000m\000e\000t\000r\000i\000c\000s}{chapter.271}% 49
\BOOKMARK [2][-]{subsection.294}{\376\377\0005\000.\0002\000.\0001\000\040\000S\000t\000a\000t\000e\000\040\000S\000p\000a\000c\000e\000\040\000D\000i\000s\000t\000a\000n\000c\000e\000\040\000L\000g}{section.293}% 50
\BOOKMARK [2][-]{subsection.299}{\376\377\0005\000.\0002\000.\0002\000\040\000P\000o\000w\000e\000r\000\040\000S\000p\000e\000c\000t\000r\000u\000m\000\040\000E\000r\000r\000o\000r\000\040\000L\000g}{section.293}% 51
\BOOKMARK [1][-]{section.304}{\376\377\0005\000.\0003\000\040\000D\000a\000t\000a\000s\000e\000t\000s}{chapter.271}% 52
\BOOKMARK [2][-]{subsection.305}{\376\377\0005\000.\0003\000.\0001\000\040\000L\000o\000r\000e\000n\000z\0006\0003\000\040\000S\000y\000s\000t\000e\000m}{section.304}% 53
\BOOKMARK [2][-]{subsection.310}{\376\377\0005\000.\0003\000.\0002\000\040\000L\000E\000M\000O\000N\000\040\000D\000a\000t\000a\000s\000e\000t}{section.304}% 54
\BOOKMARK [1][-]{section.312}{\376\377\0005\000.\0004\000\040\000E\000x\000p\000e\000r\000i\000m\000e\000n\000t\000a\000l\000\040\000S\000e\000t\000u\000p\000:\000\040\000B\000e\000n\000c\000h\000m\000a\000r\000k\000i\000n\000g\000\040\000o\000n\000\040\000L\000o\000r\000e\000n\000z\0006\0003\000\040\000d\000a\000t\000a}{chapter.271}% 55
\BOOKMARK [2][-]{subsection.313}{\376\377\0005\000.\0004\000.\0001\000\040\000B\000e\000n\000c\000h\000m\000a\000r\000k\000i\000n\000g\000\040\000o\000n\000\040\000d\000a\000t\000a\000\040\000w\000i\000t\000h\000o\000u\000t\000\040\000n\000o\000i\000s\000e}{section.312}% 56
\BOOKMARK [2][-]{subsection.320}{\376\377\0005\000.\0004\000.\0002\000\040\000B\000e\000n\000c\000h\000m\000a\000r\000k\000i\000n\000g\000\040\000o\000n\000\040\000d\000a\000t\000a\000\040\000w\000i\000t\000h\000\040\000n\000o\000i\000s\000e}{section.312}% 57
\BOOKMARK [1][-]{section.327}{\376\377\0005\000.\0005\000\040\000E\000x\000p\000e\000r\000i\000m\000e\000n\000t\000a\000l\000\040\000S\000e\000t\000u\000p\000:\000\040\000F\000i\000l\000t\000e\000r\000i\000n\000g\000\040\000L\000E\000M\000O\000N\000\040\000d\000a\000t\000a\000s\000e\000t\000s}{chapter.271}% 58
\BOOKMARK [1][-]{section.335}{\376\377\0005\000.\0006\000\040\000E\000v\000a\000l\000u\000a\000t\000i\000o\000n\000\040\000S\000e\000t\000u\000p\000:\000\040\000C\000h\000o\000o\000s\000i\000n\000g\000\040\000h\000y\000p\000e\000r\000p\000a\000r\000a\000m\000e\000t\000e\000r\000s\000\040\000f\000o\000r\000\040\000\040\000L\000g\000\040\000a\000n\000d\000\040\000L\000g}{chapter.271}% 59
\BOOKMARK [1][-]{section.338}{\376\377\0005\000.\0007\000\040\000G\000r\000i\000d\000\040\000s\000e\000a\000r\000c\000h\000\040\000o\000n\000\040\000L\000E\000M\000O\000N\000\040\000d\000a\000t\000a\000s\000e\000t}{chapter.271}% 60
\BOOKMARK [0][-]{chapter.339}{\376\377\0006\000\040\000R\000e\000s\000u\000l\000t\000s}{}% 61
\BOOKMARK [1][-]{section.340}{\376\377\0006\000.\0001\000\040\000R\000e\000s\000u\000l\000t\000s\000\040\000o\000n\000\040\000t\000h\000e\000\040\000b\000e\000n\000c\000h\000m\000a\000r\000k\000\040\000s\000y\000s\000t\000e\000m\000s}{chapter.339}% 62
\BOOKMARK [2][-]{subsection.341}{\376\377\0006\000.\0001\000.\0001\000\040\000N\000o\000i\000s\000e\000l\000e\000s\000s\000\040\000d\000a\000t\000a}{section.340}% 63
\BOOKMARK [2][-]{subsection.346}{\376\377\0006\000.\0001\000.\0002\000\040\000N\000o\000i\000s\000y\000\040\000d\000a\000t\000a}{section.340}% 64
\BOOKMARK [1][-]{section.349}{\376\377\0006\000.\0002\000\040\000G\000r\000i\000d\000\040\000s\000e\000a\000r\000c\000h\000\040\000o\000n\000\040\000L\000E\000M\000O\000N\000\040\000d\000a\000t\000a\000s\000e\000t}{chapter.339}% 65
\BOOKMARK [1][-]{section.354}{\376\377\0006\000.\0003\000\040\000A\000n\000a\000l\000y\000s\000i\000s\000\040\000o\000f\000\040\000t\000h\000e\000\040\000r\000e\000s\000u\000l\000t\000s\000\040\000o\000n\000\040\000t\000h\000e\000\040\000L\000E\000M\000O\000N\000\040\000d\000a\000t\000a\000s\000e\000t}{chapter.339}% 66
\BOOKMARK [2][-]{subsection.361}{\376\377\0006\000.\0003\000.\0001\000\040\000F\000u\000r\000t\000h\000e\000r\000\040\000i\000n\000v\000e\000s\000t\000i\000g\000a\000t\000i\000o\000n\000\040\000o\000f\000\040\000d\000y\000n\000a\000m\000i\000c\000a\000l\000\040\000f\000e\000a\000t\000u\000r\000e\000s}{section.354}% 67
\BOOKMARK [1][-]{section.367}{\376\377\0006\000.\0004\000\040\000I\000n\000v\000e\000s\000t\000i\000g\000a\000t\000i\000n\000g\000\040\000C\000o\000r\000r\000e\000l\000a\000t\000i\000o\000n\000s}{chapter.339}% 68
\BOOKMARK [0][-]{chapter.374}{\376\377\0007\000\040\000D\000i\000s\000c\000u\000s\000s\000i\000o\000n\000\040\000a\000n\000d\000\040\000O\000u\000t\000l\000o\000o\000k}{}% 69
\BOOKMARK [1][-]{section.375}{\376\377\0007\000.\0001\000\040\000D\000i\000s\000c\000u\000s\000s\000i\000o\000n}{chapter.374}% 70
\BOOKMARK [1][-]{section.376}{\376\377\0007\000.\0002\000\040\000O\000u\000t\000l\000o\000o\000k}{chapter.374}% 71
\BOOKMARK [0][-]{appendix.377}{\376\377\000A\000\040\000A\000p\000p\000e\000n\000d\000i\000x}{}% 72
\BOOKMARK [1][-]{section.378}{\376\377\000A\000.\0001\000\040\000P\000r\000o\000o\000f\000s\000\040\000o\000f\000\040\000W\000a\000v\000e\000l\000e\000t\000\040\000t\000h\000e\000o\000r\000e\000m\000s}{appendix.377}% 73
\BOOKMARK [2][-]{subsection.379}{\376\377\000A\000.\0001\000.\0001\000\040\000P\000r\000o\000o\000f\000\040\000f\000o\000r\000\040\000o\000r\000t\000h\000o\000g\000o\000n\000a\000l\000i\000t\000y\000\040\000r\000e\000l\000a\000t\000i\000o\000n\000\040\000f\000o\000r\000\040\000t\000h\000e\000\040\000w\000a\000v\000e\000l\000e\000t\000\040\000t\000r\000a\000n\000s\000f\000o\000r\000m\000,\000\040\000t\000h\000e\000o\000r\000e\000m\000\040\0004\000.\0005}{section.378}% 74
\BOOKMARK [2][-]{subsection.387}{\376\377\000A\000.\0001\000.\0002\000\040\000P\000r\000o\000o\000f\000\040\000o\000f\000\040\000I\000n\000v\000e\000r\000s\000e\000\040\000c\000o\000n\000t\000i\000n\000u\000o\000u\000s\000\040\000w\000a\000v\000e\000l\000e\000t\000\040\000t\000r\000a\000n\000s\000f\000o\000r\000m\000,\000\040\000d\000e\000f\000i\000n\000i\000t\000i\000o\000n\000\040\0004\000.\0006}{section.378}% 75
\BOOKMARK [1][-]{section.392}{\376\377\000A\000.\0002\000\040\000H\000y\000p\000e\000r\000p\000a\000r\000a\000m\000e\000t\000e\000r\000\040\000S\000e\000t\000t\000i\000n\000g\000s}{appendix.377}% 76
\BOOKMARK [0][-]{dummy.395}{\376\377\000B\000i\000b\000l\000i\000o\000g\000r\000a\000p\000h\000y}{}% 77
